#dialog 0
O O B-인원 B-장소 O O O O
B-기념일 I-기념일 O B-메뉴 O O O O
O O O
B-나이 O O O O
B-시설 I-시설 O B-식기 B-식기 O O
#dialog 1
B-메뉴 O O O B-금액 I-금액 O
B-재료 O O
B-재료 O O
O O O O O O O O
O B-메뉴 B-메뉴 B-수량 O
O
O O O
O O
O B-재료 O O O
#dialog 2
O O
O O B-메뉴 B-수량 O O O
O O B-재료 O O
B-음료 O B-반찬 O
B-결제방식 O O
#dialog 3
O
B-메뉴 B-수량 O O
O O
O O O O O O
O B-결제방식 O O O
#dialog 4
B-인원 O O O
B-메뉴 B-제조방법 O
O O O
O O
B-메뉴 O O
B-메뉴 O O O
O O O O O
O B-수량 O O
#dialog 5
O O B-세트메뉴 B-수량 O O
O O
B-음료 B-음료 B-수량 O O
O O
B-비품 O O
#dialog 6
O O O O
O B-메뉴 I-메뉴 I-메뉴 B-수량 O O
O O O O
O B-인원 O O O O
B-시설 I-시설 O
#dialog 7
B-메뉴 O O O
O O O O O
B-맵기 O O
B-사이드 I-사이드 O O O O
B-결제방식 O O
#dialog 8
O
O
B-음료 O O
O
O
#dialog 9
B-메뉴 O O
B-배달지 I-배달지 I-배달지 O
O O
O O B-결제방식 O
O O
#dialog 10
O
B-메뉴 O B-메뉴 B-수량 O
O O
O O B-수량 O O
B-메뉴 O O O O
#dialog 11
O O O B-메뉴 O O
O B-메뉴 O O O
O O O O
B-재료 I-메뉴 O O O O O
O O
B-메뉴 I-메뉴 O O O
B-메뉴 O O O
B-메뉴 I-메뉴 O O O
B-메뉴 O O O
B-메뉴 O B-메뉴 O
O O O O
B-메뉴 O O O O O
O O O O O O
O O O
O O O O
O B-메뉴 O O O
B-음료 O O O O
O
O O O O O
O O O
O O O O O O O O
B-장소 O O O
O O O
#dialog 12
O O O O
B-메뉴 O O O
O B-수량 O O
B-식기 O O O
O O O
O
B-결제종류 O
B-사이드 O O O
B-재료 O O O
B-음료 O B-커피 O
#dialog 13
B-예약시간 O B-인원 O
B-예약자 O
B-비품 O O
O O O O
O B-인원 O O
#dialog 14
B-상호 O
B-주소 I-주소 I-주소 O B-메뉴 O O O
O O O
B-사이드 O O
B-결제방식 O
#dialog 15
O B-인원 O
O O O O O O
B-메뉴 O O O
O O O
O O O O O
O O B-메뉴 O
O O O
O
O O
O O O
B-메뉴 O O O O
#dialog 16
O O O O O
O O
O O B-크기 O
B-음식재료 O O O O O
O O O O
O O
B-닭요리종류 O B-닭요리종류 O O O O
O O O B-가격 O
O B-크기
O O O O B-수량 O O
O O O O O O O O
O O O O O O
O O O
O O B-이동수단 O O
O O O O O O
O O O O O
O O O O
#dialog 17
B-예약일 I-예약일 O O
O O O O
B-메뉴 O O
O O
O O O O
#dialog 18
B-메뉴 O O O
O O O
B-장소 O O
O O
B-비품 O O O
B-음료 O B-수량 O O
O O O O
O O O O O O
O O O O O
O O O
O B-결제종류 O O O
B-메뉴
#dialog 19
B-인원 O O O O
B-메뉴 B-메뉴 B-메뉴 B-메뉴 O O
O O
B-메뉴 B-수량 O
O O O
O O
O O O
O O O O
O O O O O
#dialog 20
B-인원 O O
O O O O O
O O O O B-메뉴 I-메뉴 O
B-수량 O
O O O O
B-마감시간 I-마감시간 I-마감시간 O O O O
B-요일 O O
O O
O B-재료 O O O
B-재료 O O O
O O O O O
B-재료 O O O O
O B-결제방식 O O B-결제방식 O O
O O B-장소 O O
O O O O O O
B-날짜 O O
B-장소 O O O
#dialog 21
O O
B-인원 O O O O O O
O O O O
B-메뉴 O O
O B-메뉴 B-수량 O
B-메뉴 I-메뉴 O O
O O
O O O
O O O
O O O O O O
O O O O O
O O O B-수량 I-수량 O
O B-성별 O O O O O B-인원 O
O O O B-메뉴 O
#dialog 22
O O O
O B-수량 O O O O
B-음료 O O O
O O O
O B-결제방식 O O
#dialog 23
O O O
O O O B-메뉴 O O
O O O
B-음료 B-사이즈 O O O O
O O O O
#dialog 24
B-메뉴 B-수량 B-수량 O O O
O O O O
O O
O O O B-양념 O O O O O O
O
#dialog 25
B-시간 O O O O
O O B-수량 O
B-주소 I-주소 I-주소 I-주소 O
B-결제방식 O O
O O O
#dialog 26
B-시간 O O O
O B-메뉴 O O
B-사이드 O O O O O
O O O O
B-식기 I-식기 O O
#dialog 27
B-세트메뉴 I-세트메뉴 O
B-메뉴 O O O O
B-메뉴 O O O
B-메뉴 O O O B-식기 O O
O
#dialog 28
O B-메뉴 B-수량 O
O B-메뉴 O O
B-메뉴 O O
O O
O O
#dialog 29
O O
O O
B-메뉴 I-메뉴 I-메뉴 I-메뉴 O O O
B-메뉴 I-메뉴 O O O O
O B-수량 O B-메뉴 I-메뉴 I-메뉴 O O
B-사이즈 O O
B-장소 O O O
O B-메뉴 O O O O O O
B-재료 O B-메뉴 O O O
O O O O O O O
B-반찬 O B-반찬 O O O
O O
O O O O O
O O O O O O
O O O O
B-메뉴 I-메뉴 O O O O O O O
B-결제종류 O O
B-결제종류 O O
#dialog 30
B-예약일 I-예약일 I-예약일 O O O O
B-나이 O O B-나이 O O
B-예약일 B-예약시간 I-예약시간 O
O O O O
B-예약자 O
#dialog 31
O O
B-메뉴 I-메뉴 I-메뉴 O O
B-배달지 I-배달지 I-배달지 I-배달지 O
O
B-음료 B-수량 O
#dialog 32
B-메뉴 O
O O B-수량 O
O
B-식기 O O
B-메뉴 O O O
O O O O O O O O
B-메뉴 O O O
O O O
O O O O O O O O
B-메뉴 O O
#dialog 33
O B-메뉴 B-재료 I-메뉴 O B-재료 O O O O O O
B-메뉴 O O O O
O O O O
B-재료 O B-재료 O O O O
O O O O
O O O O
B-식기 O O O
#dialog 34
O O O
O B-예약일 B-예약시간 O
O O B-수량 O O
O B-시간 O O
O B-결제방식 O O
#dialog 35
O O
O B-수량 O
O O
O O
O O O O
#dialog 36
B-상호 O
B-메뉴 B-수량 O B-메뉴 B-메뉴 O O O
B-시간 O
B-결제방식 O O
O O O O O O O
#dialog 37
B-메뉴 B-수량 I-수량 O O
O O O O
O B-메뉴 I-메뉴 I-메뉴 O O O
B-배달지 I-배달지 O
O O O
#dialog 38
O O O O O O
O O O O O O O O
B-메뉴 O B-메뉴 O O O O O O B-원산지 O
B-메뉴 O O O O O O
O B-메뉴 O O O B-금액 O
O B-메뉴 O B-음료 O B-사이드 O O O O O
O O O O
B-메뉴 O O O O O
O B-원산지 O
O O B-금액 I-금액 B-금액 I-금액 O
O B-메뉴 O O O O O O O O O
O
B-메뉴 B-수량 O
B-메뉴 O O
O O
O O O O O
B-결제종류 O O
O O O
O B-결제종류 O O
O
O O O O O O O
B-날짜 B-날짜 O O
#dialog 39
O O O O O
O O O O
O B-메뉴 O
B-시간 O O O O
O O O O
#dialog 40
B-인원 I-인원 O
B-위치 I-위치 O O
O B-상호 O O O
O O B-메뉴 I-메뉴 O
B-수량 I-수량 O O O O
O O B-상호 O O
B-메뉴 I-메뉴 O B-재료 O O O O
O O O
O
O
#dialog 41
O O O O O
O O O
O O O
B-비품 O O O O O
O O O O
#dialog 42
B-시간 B-메뉴 O O
O O O
O O O O
O O
O O O O
#dialog 43
O O
B-수량 O B-장소 O O O O O O O
O O O B-사이드메뉴 O O O O
O O O O O O O
O O O O O O O O O
#dialog 44
O O O
B-메뉴 I-메뉴 O
O B-메뉴 O O O
O O O B-세트메뉴 I-세트메뉴 I-세트메뉴 O
O
B-맵기 O O O
O
O B-맵기 I-맵기
O B-맵기 I-맵기 O O
O
O O O O O
O B-쿨피스맛 O
O O O
B-메뉴 B-수량 B-메뉴 O O B-조각수 I-조각수 O O
O O O O O
O O B-재료 O O O O O
O O
#dialog 45
O O O O
O O O O O
O
O O B-수량 O
O
O
O O O
O O B-수량 I-수량 O
B-금액 I-금액 O O
O
B-메뉴 I-메뉴 O B-재료 I-재료 O O
B-메뉴 I-메뉴 O B-재료 O
O
B-비품 O O O
B-장소 O O
#dialog 46
O O
O O
O O O O O O O
O O B-재료 O O B-메뉴 O B-초밥 O O O
B-메뉴 O O
O O O O
O O B-메뉴 O O O
O O O O
O O O O O
B-메뉴 B-디저트 O O O O
O O O O O
B-결제종류 O O
O B-결제종류 O O
B-장소 O O
#dialog 47
O
O O O
O B-메뉴 B-수량 O B-메뉴 O O
O B-반찬 B-반찬 O O
O
#dialog 48
B-인원 O O
O B-메뉴 I-메뉴 O O
O O O
O B-식기 O O
O O O O
#dialog 49
B-메뉴 O O O
O O O
O O B-재료 B-위치 O O O O
B-메뉴 I-메뉴 I-메뉴 O O O B-재료 O O O
B-메뉴 O O O
B-메뉴 I-메뉴 I-메뉴 O O O
O B-수량 O
O
O
O B-결제방식 O O O
O O
O O O O
O O O
O O O O O
O O
B-비품 B-수량 O O
O O O O O O
O O O
#dialog 50
B-비품 O O
O B-재료 O O
B-메뉴 O
O O B-세트메뉴 I-세트메뉴 O
O O B-메뉴 O O O
O O O
B-메뉴 O B-메뉴 O O
B-식기 B-수량 O O
O O O O O O O O O O O
O O
#dialog 51
O O O O
O O O
B-메뉴 B-수량 O
O B-재료 O O O
B-재료 O O
B-원산지 O
B-인원 B-수량 I-수량 O O
O O O O O O
B-요일 O O
O O O O O
B-반찬 O O
B-서비스 O
O O O O
B-결제방식 O O
B-장소 O O
#dialog 52
O O O O
O O
O O
O O O O
O O O
O B-메뉴 O O
#dialog 53
B-비품 O O
B-메뉴 O O O
O O O
B-메뉴 I-메뉴 O
B-메뉴 I-메뉴 O B-재료 I-재료 O O O
O B-메뉴 B-수량 O
O O O O O
O O B-메뉴 O O O
O O O
B-장소 O O
O O
O O
O O O
B-반찬 O O O
B-사이드 O O O
#dialog 54
O B-메뉴 O B-메뉴 O O O O
B-메뉴 O B-메뉴 B-수량 I-수량 O O O
O O O O O O
O B-배달지 I-배달지 I-배달지 I-배달지 O O O
O O O
#dialog 55
O O O O
B-비품 O O
O O O
B-메뉴 I-메뉴 O B-재료 O O O
O B-메뉴 I-메뉴 O B-메뉴 O
O B-메뉴 I-메뉴 B-수량 O
B-소스 O O
O O O
O B-장소 O O O
O O O O O
O O O O
O O O O O O
O O O O O O
O O O O
O B-메뉴 I-메뉴 O B-메뉴 O O
O
B-시간 O B-음료 O B-메뉴 O O O O O
B-후식 O B-수량 I-수량 O
O O O
B-장소 B-위치 O O O
B-반찬 O
B-반찬 O O
O B-재료 O O B-재료 O O O O
O O O
O
O O O B-요일 O O
O O O
#dialog 56
O O O B-수량 I-수량 O O O
B-수량 I-수량 O O
B-메뉴 O B-금액 I-금액 O
B-메뉴 I-메뉴 O O O
O O O
B-메뉴 I-메뉴 O O
B-메뉴 B-재료 I-메뉴 O O O
B-메뉴 O O O
O B-메뉴 B-수량 I-수량 O O O O O O O
B-장소 O O O O
B-인원 O
O O O O O O O O
O B-시간 O O O O
B-시간 O
O O O
O O
O O O
B-수량 I-수량 O B-수량 I-수량 O O
O O O O O O
B-시간 O B-배달지 O O O O O B-수량 I-수량 O O O O
O O O
O O O
B-메뉴 O O O
B-음료 B-수량 O O O
B-음료 O
B-음료 O
O O O O O O O O O O
O O O O
O O B-금액 I-금액 O O B-금액 O O O O
O O O O O O O
O O O
B-비품 O O
B-식기 O O
O O O O O O O
O O O
O B-비품 O B-식기 O
B-수량 I-수량 O
O
O O
#dialog 57
O O O O O
O O O O
B-주소 I-주소 I-주소
O O O
B-결제방식 O
#dialog 58
B-예약일 B-예약시간 O
B-인원 O
B-메뉴 O B-수량 O
O O
B-반찬 O B-반찬 O O
#dialog 59
O O O O O
O
O O O O O O O O O
O O O O O O
B-재료 O B-재료 O O O
O O O B-메뉴 O O O
O O O
B-메뉴 I-메뉴 O O B-음료 O O
O O O O O
O O B-메뉴 O O O O O O
O O B-세트메뉴 I-세트메뉴 O B-수량 O
O O O O O
O O O B-음료 O O
O O B-메뉴 O O O O O
O O B-장소 O O
B-소스 B-수량 I-수량 O O O B-음료 O O O O
#dialog 60
O B-인원 O
B-메뉴 B-수량 O
O O O
B-재료 O O O O O
O B-재료 O O O
O O O O
O O O B-양념 O
O B-양념 O O O O O
B-반찬 O O O
B-반찬 O O O O
B-재료 O B-재료 I-재료 O
#dialog 61
B-메뉴 B-수량 I-수량 O O O
O O O
B-사이즈 O O O O
B-메뉴 O O B-맛 O O
O O
B-재료 O O O O O O
O B-재료 O O O O
O B-메뉴 B-수량 I-수량 O O O O
O O B-결제방식 O
O O
O O O O O O O O
O O O O O
O B-비품 B-수량 I-수량 O O O
B-반찬 O B-수량 I-수량 O O O
#dialog 62
O O O
O O O O O
B-세트메뉴 I-세트메뉴 O
B-음료 O O
O O
#dialog 63
O O O O
B-메뉴 O B-식기 O O
B-메뉴 B-금액 I-금액 O O B-금액 I-금액 O
O O O O O B-메뉴 O B-메뉴 O O O
B-메뉴 B-수량 O
O O O O O O O
B-배달지 I-배달지 O
O O O
O O O O O O
O O
O B-결제방식 O O
O O O O O
O O O O
O O B-소스 B-수량 O O
O O O O O
O O O O
O O O O O B-금액 I-금액 O
#dialog 64
B-메뉴 O O
O O O O O O O O O
O O O O
O O O O O O O O O O O O
B-메뉴 I-메뉴 O O O O O
O B-메뉴 I-메뉴 O
O O O O
B-메뉴 I-메뉴 B-수량 I-수량 O B-금액 I-금액 O
O B-금액 I-금액 O O
O
O B-수량 I-수량 O O O O B-수량 I-수량 O
O O B-맵기 O O
O O O O O
O O O
O O O O O O O
#dialog 65
O O B-요일 O O
O B-예약일 B-예약시간 I-예약시간 O O
O B-인원 O
O O O O O O
O O O
#dialog 66
O B-메뉴 B-수량 O
O B-장소 O O
O O O O O
O O O O O O O O O
O
O B-반찬 O O O O
O O
O O O
O B-상품권 O O O
#dialog 67
O O O
O O B-메뉴 I-메뉴 O B-메뉴 O O O
#dialog 68
B-메뉴 O O
O O O O
O O
O B-장소 O
B-반찬 O O O
O O O O
O
#dialog 69
O O O O
B-메뉴 O O B-메뉴 O
B-메뉴 O
O O
B-메뉴 O B-수량 O
O O O
O
O O O O O O
O O B-수량 O
O O
B-금액 I-금액 O B-재료 O O O
B-메뉴 O B-원산지 O O
O B-메뉴 O
O O O
O O O O O O
#dialog 70
O
O O
B-메뉴 O O
B-메뉴 O B-재료 B-수량 I-수량 O O O O O
O B-재료 I-메뉴 O O O O
B-메뉴 I-메뉴 B-조각수 B-메뉴 O O O
B-결제방식 O O
O
O
B-사이드 O O O O
O O O O
O O B-수량 O O O O O O
B-수량 O O O
O O O O
O O O O O O O O
B-비품 O O O
#dialog 71
O O
B-예약자 O B-인원 O O
O
B-메뉴 O B-메뉴 O B-메뉴 B-사이즈 O O
O O
#dialog 72
B-메뉴 O O B-맵기 O O
B-사이드 I-사이드 O O O O O O
O O O O O B-수량 O O O O
B-쿠폰 O O O
O O O O O O
#dialog 73
O O
B-메뉴 I-메뉴 B-수량 I-수량 O O
B-배달지 O O O
B-음료 O O O
O
#dialog 74
B-인원 O O O O O O
B-메뉴 O O O O O O
O B-메뉴 O O O
O B-메뉴 O
O B-장소 O O O
O B-메뉴 B-수량 I-수량 O B-금액 I-금액 O
#dialog 75
B-예약일 B-예약시간 O O
O B-인원 O B-인원 O
O O O O O
B-메뉴 O O B-인원 O
O O O O O
#dialog 76
O O O O
O O O
O B-수량 O B-음료 O O
O O B-결제방식 O O
O O O O
#dialog 77
O O O O O O B-금액 O O B-날짜 O B-메뉴 O B-날짜 O O O
O B-메뉴 I-메뉴 I-메뉴 O O O B-메뉴 O O O O O O
#dialog 78
B-예약일 O
O
O O
O O O O
O O
#dialog 79
O O
O O O O
#dialog 80
O O O O
O B-메뉴 I-메뉴 O O
O O O O O
O
O
#dialog 81
B-메뉴 I-메뉴 I-메뉴 O B-메뉴 O O O
B-메뉴 O O
B-메뉴 I-메뉴 O O O
O B-재료 I-메뉴 O O O O
O O O O O
O B-재료 O O
B-메뉴 I-메뉴 I-메뉴 B-수량 O
O O O O
B-메뉴 O O O O
B-장소 O O
B-장소 O B-빕품 O
O
O O O O O
#dialog 82
O O O
B-메뉴 B-수량 O
O O
B-결제방식 O O
O O O
#dialog 83
B-인원 O O
#dialog 84
B-자리 O O O O
O B-예약일 B-예약시간 I-예약시간 B-인원 O O
O B-메뉴 O O O
O B-예약자 O B-전화번호 I-전화번호 I-전화번호 O
O O B-장소 O O
#dialog 85
B-메뉴 B-수량 B-메뉴 O O
O O O
O O O O
O O O O O
B-메뉴 O B-수량 O O
#dialog 86
O O O
B-시간 O O O
O O
B-장소 O O
B-메뉴 O O
#dialog 87
B-시간 O O
B-메뉴 O O O O O O
B-사이즈 O O
O O O O O O
O O O O O O O
#dialog 88
O O O
O O O
O O
O O O
O O O O
O B-메뉴 O O O O
B-메뉴 I-메뉴 O B-메뉴 O O O O O
O B-종류 I-종류 O O O O
O B-메뉴 I-메뉴 O O
B-재료 O O
#dialog 89
B-수량 O O
O O
B-메뉴 O B-맛 O
B-메뉴 O O O O O O
B-양념 O O
B-메뉴 B-수량 O
O O O O
O O O
O O O
O O O O
B-앱 O O O O O
#dialog 90
O O
O O O O O O O
O O O O B-인원 I-인원 O O O O O O
O O O O O O
O O O O
O O O
#dialog 91
O
O
O O O O
B-메뉴 I-메뉴 O
B-메뉴 O O B-음료 O O
#dialog 92
O O O O
O B-메뉴 B-가짓수 O
O O B-결제방식 O
O O
B-메뉴 O B-재료 O
O B-재료 O O O O O B-사이드 O O
O O
O O O O
O O O O O O O O
B-시간 O O
O O O B-시간 O O
B-장소 O O O
O B-상품권 O O
#dialog 93
B-메뉴 I-메뉴 O O O
B-메뉴 O O O O O O
O B-장소 O O O O O
O O O O O O O O O
O B-결제방식 O O O O
#dialog 94
B-비품 O O O
O B-메뉴 O O
B-메뉴 I-메뉴 O O O
O O
O O O O O O
B-메뉴 I-메뉴 O O O O O
B-재료 O O O O O B-재료 I-재료 O O O
B-메뉴 O O
B-메뉴 O O
B-메뉴 O O
O O O O O
O B-메뉴 O
O O O O
O O O O O
O B-배달지 I-배달지 O
O O O O
B-메뉴 O O
B-반찬 O O O O O
B-양념 O
B-비품 O O
#dialog 95
O B-인원 O O
O O
O B-비품 O O
O B-메뉴 O O O
O O B-메뉴 B-수량 O B-메뉴 B-사이즈 O O
#dialog 96
B-인원 O
B-맛 O O O
O O O
O B-메뉴 O
B-재료 O
B-메뉴 O O B-재료 O O O
B-메뉴 O O
O
O B-메뉴 O O
O B-재료 O O
O O O O O
B-재료 O O O
O B-재료 O O O O O
O O
O
#dialog 97
O
O B-메뉴 I-메뉴 O O O
B-인원 O O O
O O
O O O O O
O
B-금액 O
O O O O
O O O O O
#dialog 98
O O O
O O O
O B-메뉴 O B-수량 O O
O O B-결제종류 O O
B-결제종류 O O O
O O O O
O
O O O O O
O O O O
O O O O O
O O O O
O O
O O
B-식기 O O
O O O
B-식기 O B-비품 O O
O O O O
O O
O B-비품 O O O
O O O O O O
#dialog 99
O O
B-인원 O O O O O O O
B-메뉴 O O
O O O O O
O O O
#dialog 100
O O
O O O
O B-반찬 O O
O O
O O
#dialog 101
O O B-수량 O
B-메뉴 O B-재료 O O
B-재료 B-수량 O O O
O O
B-결제방식 O O
#dialog 102
O O O O O O B-메뉴 O O
B-메뉴 I-메뉴 O O
B-수량 I-수량 O O O O O
O B-메뉴 B-수량 I-수량 O B-메뉴 O B-메뉴 I-메뉴 O O O O
O O O O
O O
B-결제종류 O
O O O O
#dialog 103
O O O O O O
B-인원 O O O B-인원 O O O
O O O O B-장소 O O O O O
B-메뉴 I-메뉴 O O B-인원 O
O O O O O
#dialog 104
O O
B-인원 O O O O
O O O O
B-비품 O O
O B-메뉴 B-사이드 O O
O O O
O O
O B-반찬 O
O
O
B-결제방식 O O
O O O O O
B-요일 O O O
O O O O
O O O
#dialog 105
O O O O
B-메뉴 B-수량 O O B-수량 O
O B-메뉴 O O O
O O O O
B-음료 O B-수량 O
#dialog 106
O
O B-배달지 I-배달지 O O
O O O
B-메뉴 O O O O
O O O B-식기 O O
O O O
O O O O O O O
O O O O
O O O O
B-메뉴 O O O O O O
B-메뉴 O O
B-금액 O
#dialog 107
B-메뉴 B-수량 I-수량 O O O
O O O O
O O O
O O
O O O O
O O
B-배달지 O
B-수량 O O O
B-수량 I-수량 O O
O O B-메뉴 O O O
B-결제종류 O
B-반찬 B-수량 I-수량 O O O O
#dialog 108
B-예약일 B-예약시간 O O
B-예약자 O
O O O O O O
O B-장소 O O
O O O O
#dialog 109
O O
B-메뉴 O O
B-메뉴 O B-맛 O O O B-메뉴 O
O B-메뉴 O B-메뉴 O O
O B-수량 I-수량 O O O
O O O B-시간 O O O
O O O O O O O O O O O O O
B-수량 O B-수량 O
O O O
O O O O
O
O O O
O B-날짜 I-날짜 O O
B-반찬 O O O O
B-비품 O O
O O O O O
#dialog 110
O O O O O O
O B-예약일 B-예약시간 I-예약시간 O O O
B-인원 O O O
O O O
O O B-자리 O O
#dialog 111
O O
O O O O O O O
B-사이즈 O O O O
B-메뉴 B-메뉴 O O O O B-사이즈 O
O O O O O
O O O O O O O O O
B-메뉴 O
O O
O O O
B-시간 O O O
B-요일 O O
B-요일 O
B-공휴일 O O
O O O O
O O B-수량 O
O O O O
B-반찬 O O O
#dialog 112
B-연령대 I-연령대 O B-메뉴 O O O O
B-메뉴 I-메뉴 O B-재료 O O O
B-사이즈 O O O O
B-메뉴 I-메뉴 O O O O
B-연령대 B-인원 O O O O O O
O B-메뉴 O O O
B-사이즈 B-수량 I-수량 O O
O O O O
O O O O
B-메뉴 O O B-금액 O O O
B-금액 O O
B-위치 I-위치 O B-재료 O O O O
O O O O O
B-수량 O B-수량 O B-수량 I-수량 O O O O O
O O O O O O
O O O
#dialog 113
O O O O
B-인원 O
B-재료 O O B-재료 O O
O O O
B-메뉴 B-장소 O B-금액 I-금액 O
B-메뉴 B-수량 O
O O B-재료 O O O O
O
O O O
#dialog 114
B-인원 I-인원 O
B-위치 O O O
B-메뉴 I-메뉴 B-수량 I-수량 O B-메뉴 I-메뉴 O B-술 I-술 O
B-맥주 B-술 O O O O O O
B-맥주 I-맥주 O O O O O
B-반찬 O O
O O O O
O O
O O O O
O O O O O O O
#dialog 115
O B-메뉴 O O
O
B-메뉴 O O O O B-원산지 O
#dialog 116
B-메뉴 I-메뉴 O O O
O B-메뉴 O B-메뉴 O O O O O
B-메뉴 O B-사이즈 O O O
B-메뉴 O O O O
O B-메뉴 O B-사이즈 O O O O O O O O
#dialog 117
B-예약자 O O
B-시간 O O O
B-메뉴 O B-나이 O B-메뉴 B-수량 O O
B-나이 B-식기 O B-식기 O
O O O
#dialog 118
B-메뉴 I-메뉴 B-수량 O
B-장소 O O
O O
B-식기 B-수량 O
O O
O
O
O O O O
#dialog 119
B-메뉴 O O O
O B-재료 B-메뉴 O O O O O O
O O O
B-메뉴 I-메뉴 O
B-메뉴 B-수량 O
O O O
B-장소 O O
O O O
O B-인원 O O O O O O
O O O O O O
O B-메뉴 O O O O O
O O
O O O O
O O O O O O
O B-비품 B-수량 O
O
B-반찬 O O O
B-장소 O B-위치 O O O
O O O O O O
O
B-재료 O O O O O
O O
#dialog 120
B-나이 O O O B-메뉴 O O
O O
O B-메뉴 I-메뉴 B-사이즈 O O
B-음료 O O O
B-결제방식 O O
#dialog 121
B-날짜 O O
B-날짜 B-시간 O O
B-인원 O
B-메뉴 O O
O O O
#dialog 122
O O O O O
O B-배달지 I-배달지 I-배달지 O
B-음료 O O O
O O O O O O O
O O O O O
#dialog 123
O O
O O O
O B-수량 O
B-음료 O O
O
#dialog 124
O B-지점명 I-지점명 O
O B-날짜 O B-메뉴 O O O O
O O O O O O O O
O O B-날짜 O O O O O
O O O O O
#dialog 125
B-메뉴 O O O O O B-재료 O
B-메뉴 O O O O O
O O O O O
B-메뉴 O O O O O O
B-메뉴 I-메뉴 B-수량 I-수량 O
O
O O O O
O O O O O O O
O O O O O
O O
O
O O O O O
O B-메뉴 O O
O O O B-수량 I-수량 O
O O O
B-장소 O O O
#dialog 126
B-메뉴 O
B-메뉴 O O
B-맵기 O B-메뉴 O O O
B-메뉴 O B-메뉴 O B-인원 O O O O O
B-메뉴 B-맵기 O O O O
O B-맵기 I-맵기 O O O O
B-메뉴 B-맵기 O B-메뉴 O O
O O O O O O O
O O O O O
B-메뉴 O O O O O
#dialog 127
B-날짜 B-시간 B-시간 B-인원 O
O O B-예약자 O
O O O O O O O
O O O
O O B-메뉴 I-메뉴 O B-수량 O O
#dialog 128
B-메뉴 B-수량 O
B-메뉴 O O
O B-메뉴 B-수량 O B-음료 O O
B-메뉴 I-메뉴 B-수량 B-음료 O
B-사이즈 B-사이즈 B-가짓수 I-가짓수 O O O O
O O O O O
B-사이즈 I-사이즈 O O
O
O O
O O O O
#dialog 129
B-인원 O
O O O
O B-메뉴 O O O
B-메뉴 O B-메뉴 O O
B-재료 O O
B-메뉴 O O B-재료 O B-메뉴 O
B-메뉴 O O
O B-메뉴 O
B-메뉴 O B-수량 O
O O O O O
O O O O O O
O O O O
O O
O O O O O
O O O O
O O O
B-시간 O O O O
B-시간 O
O O O
O O O O O O O
#dialog 130
B-상호 O
O O O O O
O
B-장소 O O
O B-인원 O O O O
O O O O
O O O O
O O O
O O O O O O O O O O
#dialog 131
B-인원 O
O B-위치 O O
O O O O O O O
O O O O
B-인원 O O O O
O B-메뉴 I-메뉴 B-금액 O O
O O O B-금액 O O
B-메뉴 O O O O
B-메뉴 O O O
B-메뉴 O O O
B-메뉴 O O
O O O O B-메뉴 I-메뉴 I-메뉴 O
B-재료 O
B-메뉴 I-메뉴 B-수량 O
O O O O
B-위치 O B-메뉴 O
B-시설 I-시설 O O
O O O
O O O O
O O O O O O
O O O O O
B-메뉴 O O O
O O O
O O O
O O B-수량 O
B-술 O O O O O O
B-술 O O O
O
B-반찬 O O O
B-음료 O O
O O O
O O
#dialog 132
O O O O O O O O B-메뉴 O O O
B-메뉴 O O O
#dialog 133
B-예약시간 B-인원 O O
O O O
O O O
B-메뉴 O B-음료 O O
O
#dialog 134
B-인원 O O O
O O
B-비품 O O O B-메뉴 B-재료 O O
B-메뉴 O
O O
O B-비품 O
B-비품 B-수량 O
O B-원산지 O B-재료 O
O O B-재료 O
B-재료 O O O
#dialog 135
B-메뉴 B-수량 O
O B-메뉴 O B-음료 O O
O O B-수량 O
O O O
O O
#dialog 136
O O O O O B-수량 O O
B-메뉴 B-수량 I-수량 O O O O
O
#dialog 137
O O O
O B-배달지 O
O O O O B-수량 I-수량 O O O
O B-메뉴 O O O
B-메뉴 O O O
O O O O B-재료 O B-재료 O O O O
O O O O O O O
O B-메뉴 O O O O O
O B-배달지 O O O O O O
#dialog 138
B-메뉴 I-메뉴 O O
O O B-음료 O
O B-음료 I-음료 O O
O O
O O
#dialog 139
O O
O O
B-예약시간 I-예약시간 O O O
B-인원 O
O O O
#dialog 140
O O
O O O O
O B-수량 O O O
O O O
O O O O O O
#dialog 141
O O O O
B-음료 O O
O O O O O O
B-결제방식 O
B-사이드 O O
#dialog 142
B-인원 O O
B-메뉴 O O
B-메뉴 O B-메뉴 O O O O
O O O O
O O O
O O O O O
O O
O O O O
B-요일 B-요일 O O
B-메뉴 B-수량 O
O O O
O O O
O O O O
B-인원 B-수량 O O O
B-재료 O O O
B-반찬 O O
B-결제방식 O O
O O
B-장소 O O O
#dialog 143
O O
B-예약일 B-인원 O
B-예약시간 O
O O O
B-시설 O
#dialog 144
O B-인원 O O O O O
O O O O O O O O O O O
O O O O O
O O O O
B-메뉴 I-메뉴 O O
O O
O B-메뉴 O O O O O
O B-식기 O O O O O O O O O O
B-메뉴 O O O O O
O B-반찬 O
O O O O O O O O
O B-사이드 O O O
O O O O O
#dialog 145
B-메뉴 O O
O B-메뉴 O B-맛 O O O
O B-메뉴 I-메뉴 B-수량 O
O O B-메뉴 O O O
O B-메뉴 I-메뉴 B-수량 O B-메뉴 I-메뉴 O O
O
O O O O
O O
O O O
O O
O B-비품 O
O B-장소 O O O
B-메뉴 O O
O O O O
B-사이드 O O
#dialog 146
O O O O
O O O O O
O B-메뉴 O
B-메뉴 O O
O O O O O O
O O O O O O
O B-메뉴 I-메뉴 O B-사이드 O O
B-메뉴 I-메뉴 O O B-사이드 O O
O B-메뉴 I-메뉴 O B-수량 O
O O O O O O
B-메뉴 O B-비품 O O
O O O
O O O O O
O O O O O
O O
B-요일 B-요일 O O
B-날짜 O O
O O O O O O
O B-소스 O O O O
B-사이드 O O O
O B-메뉴 O O O O O O
O O O O O O O O
O B-장소 O O O
B-결제방식 O
O O O O
O O O
#dialog 147
O B-인원 O O O O O O
O
B-메뉴 O
O B-메뉴 O O O O
O O O
B-메뉴 O O O O
B-재료 O B-원산지 O
B-메뉴 O O B-인원 O O O
O O
B-메뉴 O O O O O O
O O
B-재료 O O
B-메뉴 O O O
O O O O
O O B-메뉴 O O O O O B-메뉴 I-메뉴
O O
B-메뉴 B-수량 O B-금액 O
O O O O O
O O O O O O
O O
O
O O O
O O O O O
#dialog 148
B-시간 O
B-메뉴 O O
O O B-세트메뉴 O B-배달시간 O O O O
B-세트메뉴 B-수량 O B-음료 O
B-결제방식 O O O
#dialog 149
O O O
O B-메뉴 B-수량 B-메뉴 O O
O O O
O O O O O O O
O O O
#dialog 150
B-메뉴 B-수량 O B-메뉴 O O
O
O O O O O
O O O O
O O O O O
#dialog 151
B-메뉴 B-수량 O
O O
O O
O O O
O O O
#dialog 152
B-인원 O O
O O O O
B-인원 O O O
O O O
O O O
O B-조각수 O O
O O B-메뉴 O B-메뉴 O O B-사이드 O O O
O O O O O O O
O O
O O O O O O O
B-재료 O B-부분 O O O O O O O
O O O O O O O O O
B-결제방식 O O
#dialog 153
O O
B-재료 O B-메뉴 O O
B-메뉴 I-메뉴 O O O
B-재료 O O
B-메뉴 I-메뉴 O O O O O O
O B-배달지 I-배달지 O
B-수량 I-수량 O
O O O
#dialog 154
O O B-수량 O
B-메뉴 O B-음료 O O O O O
B-음료 O O
B-메뉴 O B-재료 O O
O B-결제방식 O O
#dialog 155
O
B-세트메뉴 B-수량 O
B-메뉴 B-수량 O B-음료 O O
O O O
O
#dialog 156
B-사이드 O O
B-사이드 O B-음료 O
O O
B-음료 O B-콜라 I-콜라 O O
O O
#dialog 157
O O O
B-음료 O O
B-사이드 I-사이드 O O
O O
O O
#dialog 158
B-예약일 B-예약시간 O O
B-예약자 O
O O O
O B-나이 O O O
O O O O
#dialog 159
O B-배달지 I-배달지 I-배달지 O B-메뉴 B-수량 I-수량 O O
O O O O
O O O O O
O B-메뉴 O O O O O O O
#dialog 160
O O B-인원 I-인원 O O O O
O
B-수량 I-수량 O O O
B-메뉴 O
B-메뉴 B-수량 O O O
B-메뉴 O O O O O
O O O O O O O
B-메뉴 O O O
O O O O O O O O
B-인원 I-인원 O O O O
B-예약일 O
B-재료 I-메뉴 I-메뉴 O O O O O
O O O O
B-메뉴 O O
B-메뉴 B-수량 I-수량 O O O O
O O O O O
B-결제방식 O O O
O B-결제방식 O
O O
O O O
O
O O O
#dialog 161
B-메뉴 O O O
B-수량 I-수량 O
O O O O O O
O O O O
O O
O O O
O B-메뉴 O O O O
B-메뉴 O O
O B-배달지 I-배달지 O O
O O O
O O
B-비품 O O O O
#dialog 162
O O O O
O B-육류 O O O O
O O B-육류 O O
O O
O O B-사이즈 O O O O O O O O B-야채종류 O O
O O B-육류 O
O O O O O O O O O
O O O O O O
O O B-수량 O O O O O O
O O O
O O O O O O
O O O O O O
O O B-수량 O O
O O B-결제수단 O O
O O O
O O O O O O
O O O O
O B-결제방법 O O O
O O O
O O O O
O B-가방종류 O O O O O
O O
O O
B-수량 O O O O
#dialog 163
O B-메뉴 O
B-메뉴 O B-재료 O O O
O B-결제방식 O
O B-결제방식 O O
O O O
#dialog 164
B-비품 O O
B-메뉴 O B-재료 O O O
#dialog 165
B-인원 O
O O
B-메뉴 O
B-메뉴 B-수량 O
B-메뉴 O O
O O O
O
B-메뉴 O O O O O O
O O O
B-비품 O
#dialog 166
B-메뉴 B-수량 I-수량 O O
O O
O O O
B-결제방식 O
O O
#dialog 167
B-메뉴 B-수량 O O
B-메뉴 B-수량 O B-메뉴 O O
B-메뉴 O O O B-메뉴 B-수량 O O
B-메뉴 O O O
O B-메뉴 O O
#dialog 168
B-메뉴 O O O
O B-수량 O B-메뉴 O O B-메뉴 B-수량 O
O O
O O O
O O O
#dialog 169
O B-메뉴 I-메뉴 O O O O
B-메뉴 O B-원산지 O B-재료 O
O B-메뉴 I-메뉴 I-메뉴 O O O O O O O O
O O O O
O O B-금액 I-금액 O
B-반찬 O O O
O O O O O O O
O O O O
#dialog 170
O B-메뉴 O O B-결제방식 O O
O B-메뉴 O B-메뉴 O O
B-재료 O B-재료 O B-재료 O O
O O B-메뉴 O O
B-종류 O B-종류 O O
#dialog 171
O O O
B-비품 O O O
O O
O B-재료 I-메뉴 O O O O
O O O
O B-수량 O O O O O O O B-메뉴 I-메뉴 B-수량 I-수량 O
O
O B-식기 O
O O O O O
B-장소 O
O O O O O
O
B-사이드 O O O
B-반찬 O O O
O
O O
O O O
#dialog 172
B-인원 O O
O O
O O O O
O O B-수량 O B-메뉴 B-메뉴 O O
O O O O O
#dialog 173
O O O O O O O O O
O
O
O O O O
O O
B-메뉴 I-메뉴 O B-재료 O O O
B-재료 O O O O
B-재료 O B-원산지 O
B-상호 O O O O O O O O O
O O O O
O B-메뉴 I-메뉴 B-수량 I-수량 O
O O O O
O B-메뉴 O
O O O
O
O O O
O B-메뉴 I-메뉴 B-메뉴 B-금액 I-금액 O B-수량 I-수량 O O O
O O O O O O B-사이드 O O O O O
O O O O O O
O O
O B-음료 O O O
O O O O O
O B-장소 O O O
O
O O O
#dialog 174
B-메뉴 B-재료 I-메뉴 O O O O O
B-재료 O O
O O O O
O O
O B-메뉴 I-메뉴
O O
B-사이즈 O O
O
O
O O
O O O O
#dialog 175
B-상호 I-상호 O
B-예약일 O O O
B-예약시간 I-예약시간 O
B-인원 O
O B-날짜 O O
#dialog 176
B-날짜 O B-메뉴 O
B-메뉴 O B-수량 I-수량 O O
B-메뉴 O B-재료 O O O O O
B-메뉴 O O O O
B-결제방식 O O O
#dialog 177
O O O
O O
O O O O O
B-비품 O O
B-메뉴 O B-메뉴 O O O
O B-메뉴 O B-재료 O O O O
B-메뉴 I-메뉴 O O O
B-세트메뉴 I-세트메뉴 O O O
B-인원 O O O O
O O O B-메뉴 O
B-메뉴 O O
O O
B-메뉴 O O O O O
B-메뉴 B-수량 O O
O O
O O O
O O
B-수량 I-수량 O O
O O O O
O O O O O
O O O
B-결제종류 O
#dialog 178
O O
B-예약일 I-예약일 B-예약시간 I-예약시간 O O
B-인원 O O O O O O O
O B-메뉴 O B-메뉴 O O
B-예약시간 O O O O O O
#dialog 179
B-메뉴 O O
O
B-음료 O O
O O O O
O O
#dialog 180
B-인원 I-인원 O O O
O O O
B-수량 I-수량 O O O
B-메뉴 B-수량 I-수량 O B-메뉴 B-수량 O
B-맵기 I-맵기 O O
B-메뉴 O B-맵기 I-맵기 O O
B-메뉴 O B-수량 O
O
O
O B-결제방식 O
O
O O O O
O O O O O
B-메뉴 O O O O O
O O
O O B-수량 I-수량 O O O O O
O O O O O O
#dialog 181
O O O
B-메뉴 B-메뉴 B-메뉴 O
O
O O
B-메뉴 O O
B-메뉴 B-수량 I-수량 O
O O O O O
O O
O
B-반찬 O O
B-결제방식 O
#dialog 182
B-메뉴 O O
B-메뉴 O O O
B-메뉴 O O O O
O O O
B-메뉴 I-메뉴 O O O O O O O O
O B-시간 O
O O O O
B-반찬 O O
O B-수량 O
O O O
O O O O O O O O O
B-시간 O O O O O
O O
B-반찬 B-수량 O O
B-비품 O B-수량 I-수량 O O
B-결제방식 O O
O O
O O O
O O O O O O
#dialog 183
B-메뉴 O B-메뉴 O
O O O
O B-메뉴 O O
B-수량 O
B-결제방식 O O B-결제방식 O
#dialog 184
B-메뉴 I-메뉴 I-메뉴 O B-메뉴 O O B-금액 O O
O B-메뉴 I-메뉴 I-메뉴 B-수량 I-수량 O
B-수량 I-수량 O B-음료 B-수량 I-수량 O O
B-음료 O B-수량 I-수량 O
O
O
O O
#dialog 185
O B-배달지 O
O O O B-메뉴 O O
O O B-음료 O B-수량 O
O O
O O O
#dialog 186
B-메뉴 B-수량 O
O O
B-메뉴 O B-음료 O O O O
O O
O O O
#dialog 187
O O O
B-메뉴 B-수량 O B-메뉴 O O
B-메뉴 O O
O O
B-결제방식 O O
#dialog 188
B-메뉴 I-메뉴 O O O O
B-메뉴 I-메뉴 O O O O
O O O O
B-인원 O O O O
O O O O O O
#dialog 189
B-연령대 O B-메뉴 O O O O
O O O O
B-재료 O O O O O
O O B-재료 O O O
B-재료 I-재료 O O O O
B-사이즈 B-수량 O O O O
B-메뉴 O O O
O B-사이즈 O
O O
O O O O
O O O O O O
O O O
O O B-통신사할인카드 O O O O O
O O O O
O O O O O B-날짜 O O O
B-결제방식 O O
B-결제방식 O B-결제방식 O O
O O O O
O O O O
B-대상 O O B-수량 I-수량 O O O O O
O O O O O
O O
#dialog 190
O O O
O O O O O O
B-메뉴 O O O O O
B-음료 O O O
B-결제방식 O O
#dialog 191
O O O B-메뉴 O O O
O O O
B-메뉴 I-메뉴 O B-재료 O O O
B-메뉴 I-메뉴 O O
O B-메뉴 I-메뉴 O B-수량 O
O
O O O O
B-날짜 O
O O O O O
B-메뉴 O O
O B-메뉴 I-메뉴 O B-메뉴 O O O O O
O O O B-사이드 O
B-메뉴 O O O O
O O
O O O
O O O O O O
O O O O
B-소스 O O O O
O
O O
O O O O O
O B-장소 O O O
B-장소 O O
#dialog 192
O B-메뉴 O O
O O O
O O B-메뉴 I-메뉴 B-수량 O O
O O
O O O O
O O O O
O O
B-반찬 O O
O O O O
O O O
O
#dialog 193
B-메뉴 I-메뉴 O O O O
B-사이드 O O
O O O O
O O B-장소 O O O O
B-메뉴 I-메뉴 O B-결제방식 O O
#dialog 194
O
O
O O O O O O
B-재료
O
O B-재료 O O
O O O O
O O O O O O
O B-요일 O O
B-메뉴 O O O O O O
O O O O
O O O O O O O
O O O
O O O
O O O O O O O
O B-서비스 B-음료 O
B-결제방식 O O
O O O O
O
#dialog 195
B-메뉴 O O O O
B-재료 O O
B-장소 O O B-수량 I-수량 O O
O O O O O
O O O
O O
O O O
O O O
O O O O O
O O O
B-요일 O O
B-날짜 O O O O
B-메뉴 B-수량 I-수량 O O
O B-장소 O O
O O O B-메뉴 O
B-메뉴 O B-재료 O
O B-재료 O O O
B-장소 O O O
B-수량 I-수량 O O O O O O O O O
B-결제종류 O O
#dialog 196
O O O O
O O O O
O O O O O
B-세트메뉴 I-세트메뉴 O O O
O O O
#dialog 197
O B-지역 O O
O
O B-수량 O
B-음료 B-사이즈 I-사이즈 O
B-결제방식 O O
#dialog 198
B-메뉴 O B-재료 O
O B-메뉴 I-메뉴 B-수량 O B-음료 B-수량 O
O O O
O O O
O B-수량 O O O
O B-시간 O O
O O O O O
O O O
O
O
O O B-결재종류 O O O
B-날짜 I-날짜 O O
#dialog 199
O O O
B-사이즈 I-사이즈 O O O O O O
B-메뉴 B-조미료 O O O O
O B-메뉴 O O O
O O B-장소 O O O O O
#dialog 200
B-상호 O
O O O O
O
O O B-수량 O B-음료 O
B-결제방식 O O
#dialog 201
O B-지점명 I-지점명 O
O B-비율 O O O O O O O
#dialog 202
B-시간 O O
B-메뉴 B-사이즈 O B-음료 O O O
B-메뉴 I-메뉴 B-사이즈 O O
B-메뉴 I-메뉴 B-사이즈 O B-음료 O O O O
B-금액 O O
#dialog 203
O O O O
O B-메뉴 I-메뉴 B-사이즈 B-수량 O
B-음료 O O B-수량 O
O O O
B-결제방식 O O
#dialog 204
B-메뉴 O O B-메뉴 O O
O B-수량 O B-음료 O
B-날짜 I-날짜 O O O O
O
O B-수량 O B-재료 O B-재료 O
B-재료 O O O O
O O O O O O O
O O O O
B-식기 O O O
O O O
O B-소스 O
B-사이드 O O O B-수량 O
O B-음료 B-수량 O
B-음료 O
O
O O O O O O O
#dialog 205
O B-장소 O O O O
O B-메뉴 O O O
O O O O
B-식감 O O B-재료 O
O O O O
O O O O O
O O B-메뉴 O B-세트메뉴 I-세트메뉴 O O
O O O
O
O
O O
O O O O O O O
O O O O
B-상호 O O O O O
O B-장소 O B-시설 O
#dialog 206
O O
O O O
B-음료 O O
O B-결제방식 O
O O
#dialog 207
O B-메뉴 O O
O O O O
B-메뉴 I-메뉴 O
B-메뉴 I-메뉴 B-수량 I-수량 O
B-메뉴 I-메뉴 O O O
O O O O
O O O O
O O O
O O O O
O O O
B-메뉴 I-메뉴 O B-재료 O O
O O O O O O
#dialog 208
B-메뉴 B-수량 O O
O B-메뉴 B-사이즈 B-수량 O B-메뉴 B-수량 O
B-배달지 I-배달지 I-배달지 I-배달지 O
B-결제방식 O O
B-반찬 O B-반찬 O O
#dialog 209
O O
B-메뉴 B-수량 O
O B-메뉴 B-수량 O B-메뉴 O O
B-사이즈 O
O O O
#dialog 210
B-예약일 B-예약시간 O O O
B-예약시간 I-예약시간 O O
B-인원 O
O O B-예약자 O O B-전화번호 O
O O
#dialog 211
O O
B-메뉴 O
O O O
O O O O O O
B-메뉴 O B-메뉴 O O O
O O
B-메뉴 I-메뉴 O
B-메뉴 I-메뉴 O
B-메뉴 I-메뉴 I-메뉴 B-수량 O O O
O
O O
O O O O O
O O O
O B-오픈시간 O
#dialog 212
O O
O O O O
O O O
B-메뉴 O B-음료 B-음료 O B-사이즈 O O
O B-결제방식 O
#dialog 213
B-비품 O O
O O O
B-메뉴 O O
O O B-재료 O O O
B-메뉴 O O
O O
B-메뉴 O O
B-맵기 O O B-메뉴 O
O O
O O O O O
O O
O B-배달지 I-배달지 O O
O O
O O O
B-식기 O O
B-반찬 O O O
B-결제방식 O O O
B-장소 O O O
#dialog 214
B-메뉴 O O
B-메뉴 B-수량 O
O
B-맵기 I-맵기 O
O B-맵기 I-맵기 I-맵기
O O O O O
O
B-금액 O O
#dialog 215
B-위치 I-위치 O O O
B-비품 O
O O O O O
O O O
B-메뉴 I-메뉴 O O O O O B-메뉴 I-메뉴 O O O O
O O O
O
O B-메뉴 I-메뉴 O O
O O O O
O O O O O
O O O O O O
O O O O
O O
B-요일 O O
B-재료 I-메뉴동 I-메뉴동 O B-메뉴 I-메뉴 O O O O O
O O O
O O O
O O O O O O
O O O O O
O
O O O O O
B-장소 O O O
B-결제방식 O O
O O O O O
O O O
O O
#dialog 216
B-메뉴 O
B-메뉴 O O
O O O O
B-결재방식 I-결재방식 O
O O
#dialog 217
O O O
B-메뉴 O O
B-인원 O O O
O O O
O O O
#dialog 218
O O O
O O O O O
O O O O
O O O O O O O
O B-결제방식 O O O
#dialog 219
O B-메뉴 I-메뉴 I-메뉴 O O O
O B-사이즈 O O B-소스 O B-수량 O O
B-메뉴 O B-음료 O B-수량 O
O O O O O
O O O O O O O
#dialog 220
B-인원 O O
O O O O O O O O O O O
O
O O B-메뉴 O B-초밥 O O O O O
B-메뉴 O O O O
B-인원 O O O O O O
B-메뉴 O O O
O O O O
B-메뉴 O B-초밥 O O B-메뉴 O O
O O O O O
O O
B-요일 O O
O O O O O O
B-결제종류 O O
O B-날짜 I-날짜 O O O
B-장소 O O
#dialog 221
B-메뉴 I-메뉴 B-수량 O
B-사이즈 I-사이즈 O
B-반찬 O O
O B-음료 O O O
B-결제방식 O O
#dialog 222
B-메뉴 O B-메뉴 B-수량 O O O
O O O O
O B-메뉴 O O O O
O B-메뉴 O O B-수량 O
O O O O O O
#dialog 223
B-메뉴 B-수량 O B-메뉴 O O
B-맵기 O O
O O O
O
B-소스 I-소스 O O O
#dialog 224
O B-메뉴 O O
O B-예약시간 O O O O
O B-메뉴 I-메뉴 O O O
O B-술 O
O B-메뉴 O O B-술 O
#dialog 225
O B-예약시간 O O O O O
O O O O
O O
O O O B-메뉴 I-메뉴 O O
O B-수량 O
#dialog 226
B-예약일 I-예약일 I-예약일 O O O
O B-인원 O O
O O O O
O O O O
O B-메뉴 I-메뉴 B-수량 O O
#dialog 227
O O O
O O O O
B-예약시간 O O
B-인원 O
O B-예약일 O O O
#dialog 228
B-메뉴 I-메뉴 O O O
B-재료 I-메뉴 O O O O O
O B-메뉴 B-수량 O
O O
O O O O
O O O O O O O O
O O O O O
O O O O O
B-시설 B-음료 O
B-결제방식 O
O O
O O O O O O
B-장소 O O B-위치 O O
#dialog 229
O O O O O
B-메뉴 O B-사이드 O O
B-반찬 O O O O
B-반찬 O O
O B-메뉴 B-수량 O
O O O O O
B-메뉴 O O O O O
O O O O O O O O
O O O
B-양념 O B-양념 O O B-양념 O
O O O O O
O O O O O
O O O
O O O O O B-장소 O
O O O O
O O O O O O
B-반찬 O O O O O
O O O O O O
O B-결제방식 O O
O B-음료 O
#dialog 230
O O O
B-메뉴 O O
B-메뉴 I-메뉴 O O
B-메뉴 O O
B-메뉴 I-메뉴 O B-메뉴 O O O O
B-메뉴 I-메뉴 B-수량 O
O O O
#dialog 231
B-메뉴 B-수량 I-수량 O
O O O O O O
#dialog 232
B-재료 O B-메뉴 O O O
B-재료 O B-메뉴 O O
B-메뉴 O O
B-메뉴 I-메뉴 O O
B-사이드 O O O
#dialog 233
B-메뉴 O O O O O O O O
B-번호 O
O O O O
B-결제방식 O O O
O B-결제방식 O O
#dialog 234
O O O O O O O O
B-메뉴 O O O O B-재료 O
B-재료 O O
B-메뉴 O O O O
O O O
O O B-메뉴 O O O O O O
O B-메뉴 I-메뉴 O B-사이드 O B-음료 O O
O O O
O O O O O
B-음료 O O O
O O B-수량 O
O
O O O
B-메뉴 O O O O
O O O
B-장소 O O
O O O O
O O O O O
#dialog 235
O
B-메뉴 O
O O O O O O
O O O O O
O O O O
B-메뉴 O O O O O O O
O O O O
O O O O O O O O
B-반찬 O O O
O O
O O O
B-음료 B-수량 I-수량 O O O
O B-수량 O O
B-상호 O O
#dialog 236
O O O
B-세트메뉴 O
O
B-음료 O
B-결제방식 O O
#dialog 237
B-메뉴 O O
O O O O
O B-메뉴 B-수량 O B-메뉴 O O
O O O
O O O
#dialog 238
O O O O O O O
O O B-메뉴 O O
O O O O O
O O B-인원 O O O O O O
O B-재료 O O O O O
B-재료 O B-원산지 O
O O O O
#dialog 239
O O O O O
O
O O O B-메뉴 O
B-메뉴 O O
B-재료 O B-재료 I-재료 O
O O
B-메뉴 I-메뉴 O O
O
B-메뉴 O O O
B-식기 O O
O B-메뉴 O O O O
O O O O
#dialog 240
O O O O
O O B-메뉴 I-메뉴 O
O B-반찬 O B-소스 O O
O O O O O B-비밀번호 O
O O O O O O O O
#dialog 241
O O O O
B-결제방식 O O O
O O O O
B-메뉴 O O O O O
O B-세트메뉴 I-세트메뉴 B-수량 O
#dialog 242
B-인원 O O
O O
B-장소 O O O O O
O O O O
O O O
#dialog 243
O O O O O
B-메뉴 O O B-메뉴 O O O
O O B-메뉴 O O O
B-메뉴 B-사이즈 O B-수량 O
O O O
#dialog 244
O B-상호 O
B-메뉴 B-사이즈 O O
O O O O
B-음료 O O O
B-배달시간 O O
#dialog 245
B-인원 O
O O O
O O O
O O
O O
#dialog 246
O O
B-예약자 O
O B-메뉴 O B-메뉴 O B-메뉴 B-사이즈 O O
B-소스 I-소스 O O O
O O O B-메뉴 O O
#dialog 247
O O
B-메뉴 O O O O O O O
B-메뉴 O B-재료 O O O
B-재료 O O
O B-인원 I-인원 O O O O O O O O O
B-사이즈 O O O O
O B-재료 O O O O O O O
O O O O
#dialog 248
O O O O
O O
B-쿠폰 O O O O
O O
O O O O O
#dialog 249
O B-배달지 O O
O O B-메뉴 O
O O O O
B-사이즈 B-사이즈 O O
O B-반찬 O O O O
O O O O O O
B-사이즈 B-수량 O O O O O
O O O O
O O O O O O
#dialog 250
O
B-메뉴 B-인원 O
O
B-메뉴 O B-메뉴 O O
B-메뉴 O B-메뉴 O B-메뉴 O O
#dialog 251
O O O O O
O B-수량 O O
O O O O
#dialog 252
B-메뉴 O O O
B-메뉴 O O
O B-메뉴 B-수량 O
O O O O O O O O O
O O O O
O O O O
O O
O O O O
O O
O B-결제방식 O O B-결제방식 O O
O O
B-음료 O O O
#dialog 253
B-메뉴 I-메뉴 O
B-메뉴 B-사이즈 B-금액 B-사이즈 O B-금액 O
O O O O O O O
O O O O B-재료 O O O O O
O O O O O O
B-메뉴 I-메뉴 I-메뉴 I-메뉴 O B-금액 O
O B-사이즈 B-수량 I-수량 O O
O B-배달지 O
O O O
B-음료 O B-쿠폰 I-쿠폰 O B-가짓수 O
O O O O O O
#dialog 254
B-위치 B-배달지 I-배달지 I-배달지 I-배달지 O
B-메뉴 I-메뉴 B-수량 O B-메뉴 B-사이즈 O O O
O B-메뉴 I-메뉴 O O O O O
B-결제방식 O O
O O O
#dialog 255
O O O
O O O
O O O
O O O O O
B-양념 O O O O O
O O O O O
O
O
#dialog 256
B-메뉴 B-수량 I-수량 O O O
O B-메뉴 O B-사이즈 O B-수량 O
B-배달지 I-배달지 I-배달지 O
O O O O O O O O
O B-결제방식 O O
#dialog 257
O
B-메뉴 B-수량 O B-메뉴 O O
O O O
O O
O B-재료 I-재료 O O O O O
#dialog 258
O O
O O O
B-메뉴 O O
O B-인원 O
O
B-메뉴 O O
O O O O O
B-사이드 O O
B-양념 O O O
O
B-반찬 O O O O O O
O O O O O O O O
O O O O
O O O
B-재료 O B-재료 O O
O O O O
B-장소 O O O
B-위치 O B-위치 O
O B-수량 O
#dialog 259
O O O
O O O O
O B-시간 O O
O O B-예약시간 O O
O B-인원 O
#dialog 260
B-인원 O
B-메뉴 O O O O O
B-인원 O O O O O
O O O O O O
B-메뉴 O O O O O O O O
O B-세트메뉴 O B-수량 O
O
O O O O O
O O O O
O O O O O
O B-메뉴 O O
#dialog 261
B-메뉴 O B-재료 O O
B-메뉴 B-수량 O
B-장소 O
O B-소스 O O
O O O O
O O
#dialog 262
B-메뉴 B-수량 I-수량 O B-메뉴 O O
B-맵기 B-수량 O O O O
O O O O O O
O O O B-메뉴 O B-재료 O O O O O
O B-결제방식 O O O
#dialog 263
O O O
B-사이즈 B-수량 I-수량 O
B-사이즈 B-수량 I-수량 O O O O O O O
B-메뉴 O B-메뉴 B-수량 I-수량 O O O O O
O O O O O O O O
O O O
O O O O O O O O
#dialog 264
B-메뉴 B-메뉴 O O
O
O B-메뉴 O O O
B-메뉴 O O O
B-메뉴 B-수량 O B-메뉴 O O
#dialog 265
B-메뉴 O O O O O O O O O O
B-대상 O O O O
O O O O O B-가짓수 I-가짓수 O
B-메뉴 O O O O O
B-소스 I-소스 O B-가짓수 I-가짓수 O
B-메뉴 O O O O O O
B-메뉴 O O O
O O O O B-메뉴 B-수량 O
O O O O
O O O O
O O O O O O
O B-요일 B-요일 O O
#dialog 266
O O O
B-재료 O O
O B-인원 O
O O B-메뉴 I-메뉴 O
B-메뉴 B-메뉴 O B-메뉴 O O
O
O O O O
O O O O O O O
#dialog 267
O O O O O
O O
O O O O O
O B-수량 I-수량 O B-메뉴 B-수량 I-수량 O O
O O O O
O O O
O O B-반찬 O O O
O O O B-반찬 O B-음료 O O O
O B-금액 O O O B-양념 O O O O O
O O O O O O
B-음료 O
O O O
O O O B-상품권 I-상품권 O O
#dialog 268
B-메뉴 O O O O
O O O O
B-메뉴 O O
B-메뉴 I-메뉴 O O O
O O O O O
B-결제종류 O O
B-결제종류 O
B-날짜 O O
O O O O O
#dialog 269
O O
O O O O
B-메뉴 O B-수량 I-수량 O
O O O O O O
O O O
B-비품 O O O
B-수량 O O
B-이벤트 O O B-가짓수 B-금액 O O O
B-메뉴 O B-재료 I-재료 O O
#dialog 270
O O O O O
O O O
B-식기 O O
O O
O O O O O O
#dialog 271
O O
B-메뉴 O B-메뉴 B-사이즈 O O
B-배달지 I-배달지 I-배달지 I-배달지 O
B-결제방식 O O
O O
#dialog 272
O O O
O O O O O O O
O O O O O O O O
B-메뉴 I-메뉴 I-메뉴 O O O O O O O B-메뉴 I-메뉴
B-연령대 O B-연령대 O O O
B-인원 O
O
O O O O B-수량 I-수량 O B-가짓수 I-가짓수 O O
O O O O
B-배달지 I-배달지 I-배달지 I-배달지 O
O O O O O O O
#dialog 273
O O O O
B-예약일 B-예약시간 I-예약시간 O O O
O B-인원 O
B-예약자 O
O O O O
#dialog 274
O
O O
O B-메뉴 O
O O
B-메뉴 O O
O B-결제종류 O
B-금액 I-금액 O
O B-재료 O O O
O O O O
B-재료 I-메뉴 O O B-원산지 O
#dialog 275
O O O O
O O O B-메뉴 I-메뉴 O O O O
B-메뉴 O O
B-메뉴 I-메뉴 O O O O
B-메뉴 I-메뉴 I-메뉴 I-메뉴 O
O O B-메뉴 I-메뉴 I-메뉴 O O O B-수량 I-수량 O
O O O
B-메뉴 I-메뉴 I-메뉴 B-수량 O
O O O
O O O O O O O O O
O O O O O
O O O O O
O B-결제방식 O B-결제방식 O O
O O O
O O
O O O O
O O O O
O O
O O
B-사이드 O O O O
O B-사이드 O B-반찬 O O O O O
#dialog 276
B-메뉴 O O O
B-메뉴 B-수량 I-수량 O O
O O O O
O O O
O O O O
B-시간 O
B-식기 O O
B-반찬 O O O
O O
O O
O O O O O O O
#dialog 277
O B-인원 O O
B-메뉴 B-수량 O O
O O O O O
B-시간 O O O O O
B-반찬 I-반찬 O O O O
#dialog 278
B-시간 O O
B-세트메뉴 I-세트메뉴 B-수량 O
O
O O
O O
#dialog 279
B-인원 O B-메뉴 O
B-메뉴 O
O O O O O
O B-행사 O O O O O O
O O O
B-메뉴 I-메뉴 B-수량 O
O O O
O O O
O O O O O O
B-장소 O O O
O B-메뉴 O B-금액 I-금액 I-금액 O
#dialog 280
B-인원 O
B-메뉴 B-온도 O O
B-메뉴 B-수량 O
O O O
O O
O B-반찬 O
B-재료 O O O O O
B-결제종류 O O
B-요일 O O O
#dialog 281
O O B-재료 O O O O
O B-연령대 O O O
B-용기 O O B-메뉴 I-메뉴 O B-메뉴 I-메뉴 O B-수량 O O O
O O O O
O O O O O O
#dialog 282
O O O O
B-메뉴 B-수량 O
O O O O O O O
O
O B-메뉴 O
B-메뉴 I-메뉴 B-수량 I-수량 O
#dialog 283
B-메뉴 O O
B-결제방식 O
O B-식기 B-수량 O
O O
O O O O O O
#dialog 284
B-메뉴 I-메뉴 O O
O O O
O O
O O O O
O O O O
#dialog 285
O O O O
O O
B-음료 O O
B-사이드 O O O
B-결제방식 O O
#dialog 286
B-메뉴 O
B-메뉴 O O O
O O B-수량 I-수량 O
O O O O O
O O
O O O O O
O
O O O O O O
B-수량 O B-수량 O
O O
O O O
O O B-시간 O O O
O O O
O O
B-반찬 O
O O
O B-수량 O O
#dialog 287
O B-사이드 O O B-수량 I-수량 O O
O O B-메뉴 O
O O O O O O O O
O O O O
O
O O
O O O O
O O
O B-비품 B-수량 I-수량 O O
O
B-결제종류 O O
O O O O
#dialog 288
B-메뉴 O O
O O O
B-메뉴 O B-메뉴 I-메뉴 O
B-메뉴 O O O O O
O B-재료 O O O B-메뉴 O
O B-메뉴 B-수량 O O
O O O O O
B-메뉴 O O O O O
O B-메뉴 O O
O
O O O O O O O
O B-반찬 O O O O O
O O O O O
O O O B-장소 O O O O O O
#dialog 289
O O O
B-메뉴 O O
B-배달지 O
B-반찬 O O O
B-결제방식 O
#dialog 290
O O O O O O O O O O O
O O B-메뉴 O O O O O O
O O B-메뉴 O O O
O O B-재료 O B-원산지 O
O O O O O O O O O O
O O B-인원 O O O O O O O
B-수량 I-수량 B-메뉴 O
O O
O O O O O O
O O O O O O O O O O
O O O O O
#dialog 291
O B-결제방식 O O O O O
B-메뉴 O O O O B-재료 O O
B-원산지 O B-원산지 O
O O O B-메뉴 O O
O B-메뉴 O O O O
O B-사이드 O O O O
O B-메뉴 O O O
O B-메뉴 O B-재료 B-재료 O O
B-재료 O O O
O O O O B-시설 O
#dialog 292
B-예약자 O O
B-물 I-물 O O
O O O O O O O
B-메뉴 I-메뉴 O B-수량 O
B-음료 O O
#dialog 293
O O B-메뉴 O
O O O O
B-메뉴 I-메뉴 O O
B-메뉴 I-메뉴 O B-재료 O O
O B-메뉴 O O
B-메뉴 I-메뉴 I-메뉴 O B-수량 O
O
O
O O O O
O
O O O O
O B-양념 O
O O O O
O O
O O O O
O O
O B-결제종류 O
#dialog 294
O O O O O
O O O
O O
B-메뉴 O O
O B-메뉴 O O O
O O O O O B-메뉴 B-수량 O
O O O O
O O O
B-음료 B-음료 O O O O
O B-수량 O O
B-재료 O O O O
O O O O
O
O
O O O O O O
O O O O
O O O O O O
O B-결제방식 O B-상품권 O O
#dialog 295
O B-메뉴 O
B-메뉴 O O B-인원 O O O
B-메뉴 O O
O O O O O O
O O
B-메뉴 O O O
O B-메뉴 O B-가짓수 I-가짓수 O
B-재료 O O
B-메뉴 O O B-금액 I-금액 O O O
O O O B-재료 I-재료 O O O
B-소스 O
B-재료 O
O B-메뉴 I-메뉴 I-메뉴 B-수량 O
O O
O O
O O O
O O O O O O
O O O O O O
#dialog 296
O
O O B-메뉴 B-수량 O O B-사이즈 O O O
B-배달지 I-배달지 I-배달지 I-배달지 O
O O B-메뉴 O O
O O
#dialog 297
B-메뉴 O B-재료 O O O
B-메뉴 O O O O
B-메뉴 O O O
O
B-세트메뉴 I-세트메뉴 O O
B-메뉴 O O O
B-메뉴 B-사이즈 I-사이즈 O
B-메뉴 O B-메뉴 O B-금액 I-금액 I-금액 O B-수량 O
O O O
#dialog 298
B-메뉴 B-수량 B-메뉴 O O
B-수량 O O O O
B-튀김종류 B-수량 B-튀김종류 O B-튀김종류 B-수량 O
O
O O
#dialog 299
O O O O B-수량 O O O O O O O
B-메뉴 O B-금액 O B-메뉴 O O O
O O O O
B-메뉴 I-메뉴 I-메뉴 O O O
O B-재료 O O O O
O O O
O O
B-메뉴 O O O
B-메뉴 B-수량 O
O O
O O O
O B-결제종류 O O O
O O O O O O O
O O O O
O O O O O
O O
O B-장소 O O O
O B-식기 O
O O B-소스 O B-수량 O O
O O O
#dialog 300
O O O O
O
O O O O O
B-연령대 B-성별 O O O O O O O
O O O O O O
O B-사이즈 O B-인원 I-인원 O O
O B-수량 O O O O O
O O O O
O B-재료 O O O
O O O O O O
B-메뉴 O O O
O O O B-메뉴 O
B-사이즈 O O
B-사이즈 O O
B-사이즈 O O
O
B-메뉴 O O O
O B-음료 O O O O
O O O
O B-전화번호 O B-시간 O O
O O O O O O O
#dialog 301
O B-배달지 I-배달지 O O O
O O O O O O O O O
B-메뉴 I-메뉴 B-수량 I-수량 O
O O O O O
B-결제방식 O O
#dialog 302
O O O O O O O
O O O O O
O O O O
O O O O
O O O O O O
B-수량 I-수량 O O O
B-수량 I-수량 O O O
O O O O
B-메뉴 O O B-재료 O O B-재료 B-원산지 O
O O O O O
O O O O O O O
B-배달지 I-배달지 O
#dialog 303
O O O
B-메뉴 O O
O O O O
B-메뉴 I-메뉴 O O O O O O B-사이드 O O
B-메뉴 I-메뉴 B-조각수 O B-인원 O O O
O O O
B-메뉴 O B-메뉴 O
B-반찬 O O
B-메뉴 O O O O
O O O O
B-사이드 O
B-소스 O O O O
O B-위치 O O
B-사이드 O O O O O
O O
O O O O O
B-장소 O O
O
B-반찬 O O O
O B-반찬 O
#dialog 304
O O O O O O
B-예약일 I-예약일 B-예약시간 O
B-예약시간 O B-예약자 O
O O O O O
O O B-메뉴 I-메뉴 O B-수량 O
#dialog 305
B-인원 O B-위치 O
O O
O B-메뉴 B-수량 O
O
B-사이드 O
B-메뉴 O O
O O
O O O
O O
B-식기 B-수량 O O
B-양념 O O
O B-메뉴 O O O
B-재료 O B-재료 O
#dialog 306
B-메뉴 O O
O O B-메뉴 O O
O O O O
O B-메뉴 I-메뉴 O O
O O O
#dialog 307
O O O O O
B-세트메뉴 O
O B-사이즈 O O O
B-음료 O B-음료 O O
O O
#dialog 308
B-예약일 O O
B-예약시간 I-예약시간 O
O B-인원 O
O
O O O O
#dialog 309
O O
B-인원 O
B-장소 I-장소 O O
B-예약일 I-예약일 O O
B-메뉴 O O
#dialog 310
B-메뉴 O O O
O O
O B-메뉴 O O
O O O
B-메뉴 B-수량 O
O
O O O O O O
O O
B-반찬 B-수량 O O O O
#dialog 311
O B-재료 O B-시즌 O
O O O B-재료 O
O B-메뉴 O O
O O B-메뉴 O
O O
#dialog 312
O O
B-메뉴 I-메뉴 I-메뉴 O B-맵기 I-맵기 O O O
B-메뉴 B-수량 I-수량 O B-금액 I-금액 O
O O
B-메뉴 O B-메뉴 O O O O O
O B-메뉴 O O
O O O
O O
B-식기 O O O
B-메뉴 O O
O O O O
B-결제종류 O O O O
B-결제종류 O O
O O O O
#dialog 313
B-반찬 O O O
O O
O O
O B-반찬 O O O O
O O O
#dialog 314
B-메뉴 O O
O O O O O O
O O O O O
O B-사이즈 B-수량 O O O
B-결제방식 O O
#dialog 315
O B-재료 O B-메뉴 O
O O
B-메뉴 B-수량 O O
B-재료 O B-재료 O O O
O B-재료 I-재료 O O O O
B-시간 O O O O O O O O
B-메뉴 I-메뉴 B-인원 I-인원 O O O
O O O
#dialog 316
B-상호 O O
O B-메뉴 B-수량 O B-메뉴 O O B-메뉴 O O
B-사이즈 O O
O B-결제방식 O
O
#dialog 317
O
O O O O O O O O O
B-인원 O O O O O O O
B-메뉴 I-메뉴 I-메뉴 O O O
B-메뉴 O B-인원 O O O O O
O B-메뉴 I-메뉴 O B-수량 O
O O O
O B-인원 O
O O O O O O O
O O O O O O O
O O O O O O O O O
O O O O O O O
O B-재료 O O O O O
O O B-재료 O O O O
B-재료 O O O O O O
O O
O B-결제종류 O O O O O
O O O O O O O O
O O O
#dialog 318
B-상호 O
O O
O B-금액 O O O O
B-금액 O O
O B-메뉴 O
O O B-수량 I-수량 O B-금액 O O
O B-메뉴 O O
O
O B-배달지 I-배달지 O O O O
B-배달지 O
O O O O O
O B-금액 O O O O O
O O O
B-결제방식 O
#dialog 319
B-메뉴 B-수량 I-수량 B-메뉴 B-수량
B-사이즈 O O
B-메뉴 B-사이즈 B-수량 I-수량 O B-메뉴 B-수량 I-수량 O
O O
O
O O O
O O O
O O O O
O O O
O
O O O O O O
O O
O O O O O
#dialog 320
B-메뉴 O O
B-재료 I-재료 O O O O O
O B-메뉴 I-메뉴 O B-재료 I-재료 O
B-음료 O O O
O O O O O
#dialog 321
B-예약시간 B-예약자 O O
O O O
O O O
O B-비품 O O O
B-날짜 O O O
#dialog 322
O
O O O O O
O O O O O
O O
O B-메뉴 O O B-메뉴 O
O B-수량 I-수량 O O
O O B-수량 I-수량 O
O
O
O O O
#dialog 323
O O O
O B-수량 O O
O O O O O O
B-날짜 O O O O
O O O B-수량 O O O
#dialog 324
B-메뉴 O O
O O O O O
O O
B-음료 B-수량 O
O O
#dialog 325
O B-수량 O
O O O
B-메뉴 O B-수량 O O
O B-반찬 I-반찬 B-수량 O O
O B-반찬 O
#dialog 326
B-인원 I-인원 O O O O O
O O O O O O O O O O
B-메뉴 B-재료 O
O B-원산지 B-재료 O
O O O O O O
O B-메뉴 B-수량 O
O
O O O O O O
O O O O O O
O O O O B-요일 O O
O O O O
O O O O O O
O O O
O O B-메뉴 O O
B-메뉴 O O O
B-식기 O O O
O O O O O
O
#dialog 327
B-세트메뉴 I-세트메뉴 B-수량 O B-메뉴 B-양념 O O
B-메뉴 O O
O O O
O O O
O O
#dialog 328
B-예약시간 O B-인원 O O O
O O O
O O O O O
O O O O O O O O
O O
#dialog 329
B-메뉴 O B-메뉴 O
O O O
B-음료 O O O
O O B-메뉴 O O O O O O O O
O O O
#dialog 330
O B-메뉴 I-메뉴 O O O O
O O O O O O O
B-메뉴 I-메뉴 O B-토핑 O O O O O
B-토핑 O O O
B-메뉴 I-메뉴 O B-토핑 O O O O
O B-재료 I-메뉴 O O O O O O O O O
O B-메뉴 I-메뉴 O O O O O O
O B-메뉴 O O O O O
B-메뉴 I-메뉴 O B-사이즈 O O
B-메뉴 I-메뉴 O O O O O O O
O O O O O
O O O O O O O O O
#dialog 331
O O O O
B-메뉴 O O B-가짓수 I-가짓수 O
O O O O
O O O
B-메뉴 O O O O
B-메뉴 B-수량 O
O O O
O O
O O O O O
B-메뉴 O O O O O
O O O
O O O O O O
B-공휴일 O O O O
B-메뉴 O O O
B-금액 O O
O O
B-배달지 I-배달지 O O O
O
B-결제방식 O
#dialog 332
B-상호 O
O B-배달지 I-배달지 O B-세트메뉴 I-세트메뉴 I-세트메뉴 O O
O O O B-메뉴 B-수량 O O O B-메뉴 O O O O
O O O
O O O O O O B-결제방식 O O
#dialog 333
O O O O O
O O O
O O O O O
B-시간 O O O O
#dialog 334
O O O
O B-수량 O O O
O B-메뉴 B-수량 O O
O O O O
O B-결제방식 O O
#dialog 335
O O O
O O O O
B-메뉴 O O
B-메뉴 O B-영양소 O O O
O O O O O O
O O
#dialog 336
O O O
O B-수량 O O O O
O B-배달지 I-배달지 I-배달지 O
B-음료 O O
B-음료 O O O
#dialog 337
O O O O O O
B-메뉴 I-메뉴 O O
B-음료 O B-음료 B-수량 O O
O O O O O
O
#dialog 338
O O O O
O B-메뉴 I-메뉴 O
B-메뉴 I-메뉴 O O
B-결제방식 O O
O B-메뉴 I-메뉴 B-수량 O B-메뉴 I-메뉴 B-수량 O O
#dialog 339
B-메뉴 O O
B-나이 O O O O O O
O O O O O
O B-사이즈 B-수량 O O O
B-결제방식 O O
#dialog 340
O O O O O O O O O
B-서비스 O B-금액 O O
O O O
O B-메뉴 O O
O O B-재료 O O
B-메뉴 O O B-메뉴 I-메뉴 O O
B-메뉴 B-수량 O O
O
O O O O O
O
O O O
O O
O O O O O O O O O O O B-메뉴 O O
O
O O O B-수량 I-수량 O B-음료 O O O O
#dialog 341
O O O O O B-메뉴 B-수량 O B-메뉴 O O O
O O O O O
O O
B-메뉴 O B-재료 O O
B-메뉴 I-메뉴 I-메뉴 I-메뉴 O O O
#dialog 342
B-지점명 I-지점명 O
O O O O O
O B-수량 O
O B-시간 O O O
O O B-전화번호 O O B-횟수 I-횟수 O
#dialog 343
B-지역 O O O O
O O O
B-메뉴 B-식기 O O
B-쿠폰 I-쿠폰 O O O O
B-배달시간 O O
#dialog 344
O O
B-메뉴 B-수량 O B-메뉴 O B-메뉴 B-사이즈 O
O O
O O B-맵기 O O
O O O
#dialog 345
O O O
O O O O
B-예약시간 I-예약시간 O O B-장소 O O
O O O O O O
B-인원 O O O
#dialog 346
B-메뉴 O
O
B-음료 O B-음료 O O O
O B-수량 O O
O O
#dialog 347
O O O O O O
B-배달지 I-배달지 O
O B-비율 O O
B-지역 O O O O O
O O O O O B-날짜 O O O
#dialog 348
B-메뉴 I-메뉴 B-수량 I-수량 O O
B-메뉴 B-수량 I-수량 B-메뉴 B-수량 I-수량 B-메뉴 O O O
O O O O O
O O O O O O O O O O O O O O O
O O O
O
#dialog 349
O O B-배달지 I-배달지 I-배달지 O
O B-메뉴 B-수량 O B-메뉴 O O O O
O O
O O O
O O
#dialog 350
B-인원 I-인원 O
O
O B-메뉴 O O
B-맵기 I-맵기 O O B-재료 I-재료 O
B-재료 I-재료 B-수량 O
B-메뉴 B-수량 I-수량 O
B-맵기
O B-메뉴 B-수량 I-수량 O O O
O
O O O O O
B-날짜 O O
O O O O
O
O
#dialog 351
O B-상호 O
B-메뉴 O O
O B-메뉴 O O
O B-메뉴 O B-수량 O
B-배달지 O O
#dialog 352
O O O O O O O O O O
O O
O O O B-재료 O O O
B-나이 O O O
B-연령대 O
O O O
O O O O
B-메뉴 I-메뉴 O O O O
O O
O O O
#dialog 353
B-인원 I-인원 O O O O O
B-메뉴 B-수량 O
O O O
O O O O O O
O O O O O
O B-인원 O
O O O O
B-메뉴 I-메뉴 O O O O O
O O
O O
O O O
O O O O
O O
O B-결제방식 O O
O O
#dialog 354
O O O
O
O O O O O
O O O O O O O O O O
O O O
O O O
O O O O O O
O O O O
O B-메뉴 O B-수량 I-수량 O O O
O O O O
O B-메뉴 O O B-메뉴 O O O
O B-인원 I-인원 O O O O O B-메뉴 O O O O O O O
#dialog 355
O O O O O O O O
B-수량 I-수량 O O O O O
O B-메뉴 O B-사이드 O B-음료 O O O O O O O O O O
O B-메뉴 O O O O O
B-메뉴 O O O
B-음료 O O O O
B-세트메뉴 I-세트메뉴 O B-수량 O
O
O O O O
O
O B-장소 O O
O O O O O O O O O O O O O
O
O O O O O
O B-음료 O O O O O O
B-소스 B-수량 O O O
#dialog 356
O O O O O O O O
O O O O B-메뉴 O
B-인원 O O O O O O O O
O O O O O
O O O
O O O O O O
#dialog 357
B-시설 O O
B-메뉴 I-메뉴 O O O O
O O O O
O O O O
O O O
O O
B-음료 B-메뉴 O O O
B-커피 B-수량 O O
#dialog 358
B-메뉴 O O O O O
O O O
O O O
B-수량 I-수량 B-금액 I-금액 O
O O O O B-수량 I-수량 O B-수량 I-수량 O
O
O O O O
B-사이드 O O O
B-사이드 I-사이드 O O
O O O
B-메뉴 B-금액 I-금액 O O O
O O O
O O
#dialog 359
O O
B-비품 O O
O O O O O O O O O O
B-인원 O O O O
B-사이드 O O
B-사이드 O O O
B-메뉴 I-메뉴 I-메뉴 O
O O O
O O O O O
B-요일 O O
O O O
O O O O O O
O O O O O
O O O O O O O
O O O O O O
#dialog 360
O O O
O O B-메뉴 O O O
O O B-결제방식 O O
O O O O O
O O O O O
#dialog 361
O O O
B-재료 O B-재료 B-메뉴 B-무게 O O
O O O O
O O O O
O B-재료 B-무게 O
#dialog 362
O B-인원 O
O B-메뉴 I-메뉴 O B-재료 O
B-재료 O O B-재료 O
B-재료 O B-재료 O O O
B-소스 O O O O
O O B-메뉴 O O O O
B-음료 O O O O O
B-재료 I-메뉴 O O O O
O B-메뉴 I-메뉴 B-수량 I-수량 O B-메뉴 I-메뉴
B-반찬 O O O
B-결제방식 O
O O O
#dialog 363
O O B-예약시간 O B-인원 O
O O O O
O O
O B-메뉴 O B-메뉴 O O O
O O O
#dialog 364
O B-메뉴 B-수량 O
O
O O O O
O O
O O
#dialog 365
O O
O O
O O O O
O O O O O O
O O B-메뉴 I-메뉴 O O
B-메뉴 I-메뉴 O O O O O
O B-메뉴 O B-인원 I-인원 O O O O B-메뉴 I-메뉴 O O
O O O O O O O O
O O O O B-재료 O
O O O O O
O O O O O
O O O O
O O O B-결제방식 O B-결제방식 O O
#dialog 366
B-메뉴 O B-인원 O O O O O O
B-수량 O
O B-수량 O
B-재료 O O
O B-메뉴 O
B-수량 O O
B-소스 O
O O
B-수량 I-수량 O
O O O
B-결제방식 O
O O O
#dialog 367
O O O
O B-메뉴 B-수량 I-수량 O
O O O O O O O O
O O O O
O O O O O O
B-음료 O O
O O O O O
B-반찬 O O O
#dialog 368
B-메뉴 B-수량 O O
B-장소 O O O
B-메뉴 O O O
O B-음료 O O
B-결제방식 O O
#dialog 369
O O O B-상호 O
O O O
O B-메뉴 O O
O B-메뉴 O B-재료 O O
O O
#dialog 370
B-메뉴 O
O B-메뉴 O O O
O O O O B-메뉴 I-메뉴 O B-메뉴 O
B-메뉴 I-메뉴 O O
B-메뉴 O O O
O B-메뉴 I-메뉴 I-메뉴 O O
O O
O O O O O O O
B-반찬 O O O
#dialog 371
O B-지점명 O
O O O O O O O B-날짜 O B-날짜 O B-배달지 O B-메뉴 O O O
O O O O O O O
B-메뉴 O O O O
B-부분 O O O
B-메뉴 O O O
B-재료 O O B-원산지 O O
O O O O O
O O O O O O O O O
O O O O O O O
O B-대상 O O O O O B-인원 O
O O
O O O O O B-대상 I-대상 O
B-메뉴 O O O O
O B-부분 O O O O
B-메뉴 B-위치 O B-재료 B-위치 O O O
O O
O B-사이즈 O O O
O O O O
O O O O
O B-카드종류 I-카드종류 O O O
O O O
O B-메뉴 O O O
O
O O
B-결제방식 O O O
O O O O O O
O O O O O O O O
O O O O O O
#dialog 372
O B-배달지 I-배달지 I-배달지 O O
B-메뉴 O O
O B-개수 O O
O O O O
B-배달지 O O O O O
#dialog 373
B-메뉴 I-메뉴 B-수량 O
O O O O O
B-소스 O O O
O O O O
O O O
#dialog 374
O
O O O O
O B-재료 O O O
O O B-수량 I-수량 O
O O O
B-수량 I-수량 O
O
O O O O
O O O
O O O O
B-시간 O
B-요일 O O
B-비품 O O O
O O O O O O
O O
#dialog 375
O O O
O B-비품 O O O O
O O O B-음료 O B-음료 O O O O
O O O B-음료 O O O O
O O
#dialog 376
B-시설 O O O
O O
B-재료 O B-원산지 O
O O B-수량 O O
O O O O
O O O B-행사 O O O O O
O B-행사 O O O O
O O O O
#dialog 377
B-메뉴 O O
B-메뉴 O
O O O
O O O O O O O O
O O O
O B-메뉴 O O
O O O O
O
O O O
B-메뉴 O O B-재료 O B-재료 O O O O O
O O O O
O O O O
O
B-비품 B-수량 O O
O B-재료 O O O O O
O O O O B-재료 O O O O O O O O O
O O O
B-결제종류 O B-결제종류 O O O
O O O O
O O
O O O
#dialog 378
B-인원 O O
B-메뉴 O O
O O B-장소 O O O
B-양념 I-양념 O O O
O O
B-수량 I-수량 O O
O O O
O O O
O O O O
O O O
#dialog 379
B-메뉴 O O
B-메뉴 O O O
O O O O
B-메뉴 O O O
O O O
#dialog 380
B-배달지 I-배달지 I-배달지 O O
O O O O O
O O B-메뉴 O O
B-결제방식 O O
O O O O
#dialog 381
O B-배달지 I-배달지 I-배달지 I-배달지 O
B-메뉴 B-수량 O O B-사이즈 O O
O B-메뉴 O B-메뉴 O
O B-결제방식 O
O O B-장소 O O
#dialog 382
B-수량 I-수량 O
O O O O O O O
O O B-세트메뉴 I-세트메뉴 O O
O O B-재료 O O
O B-메뉴 O
O O O O
B-메뉴 O O
O O O
O O
O B-메뉴 O O
O B-메뉴 I-메뉴 I-메뉴 B-사이즈 O B-수량
O
O
O
O O O O O
O O O
O B-사이즈 O
O O O O
O
O O O
#dialog 383
O O
B-메뉴 I-메뉴 O O
B-모양 O B-모양 O O O O
B-메뉴 O O O
O O O O
O B-인원 O
B-수량 I-수량 O O O O
B-인원 I-인원 O
O B-수량 O O O B-재료 O O O
O O B-금액 O O
O
B-음료 O B-반찬 O O O O
B-음료 B-사이즈 I-사이즈 B-사이즈 O O
O B-금액 O B-수량 O
O O O O O O
O O O O O O O O
B-결제방식 O O O
B-메뉴 O O O O
B-메뉴 I-메뉴 O B-재료 O O O
O B-배달지 I-배달지 I-배달지 I-배달지 O
O O O O
O O
#dialog 384
O O O O
O O O O
B-메뉴 O O O
O B-메뉴 O O O O O
B-메뉴 B-수량 O
B-메뉴 O B-메뉴 B-사이즈 O O O
B-메뉴 O
O O O
O O
O O O O
B-비품 O
O O O O O
B-반찬 O O O
O O
O O
O O
O O
B-메뉴 B-금액 I-금액 O B-메뉴 O O O
B-음료 O O O
B-음료 O O
#dialog 385
B-예약자 O O
O O O O O O
B-메뉴 B-수량 O B-메뉴 I-메뉴 B-수량 O
B-수량 O
B-비품 O O
#dialog 386
O O B-요일 O O O O O O B-시간 O O O O O
O B-시간 O O O O
B-요일 O O
O O O O O O O O O O
O O O O O O O O O O O O O B-소스 I-소스 B-음료 B-반찬 O O
O B-반찬 O O B-음료 O O O O
B-식기 O O B-식기 I-식기 O O
O O O O O O O O
O B-상품권 I-상품권 O O O O
B-수량 I-수량 O O O O
#dialog 387
B-메뉴 B-수량 O O
O B-메뉴 B-수량 B-메뉴 O O
B-시간 O O O
O O O O O O O O
B-결제방식 O O O O O
#dialog 388
B-비품 O O
B-메뉴 O O O
#dialog 389
O O B-예약시간 O O O
B-예약시간 I-예약시간 O O
B-인원 O
O O O
O B-결제방식 O O O
#dialog 390
O O O O
B-인원 O O O
O O
B-메뉴 O O
B-메뉴 O O
O O
B-메뉴 O B-수량 O
B-결제방식 O O
O O O
B-시설 O O O
O O O O
B-인원 I-인원 O
O O O O O
B-시간 I-시간 O O O O
O B-예약시간 I-예약시간 O
#dialog 391
B-인원 O O
B-예약자 O
B-날짜 B-메뉴 O O O
B-메뉴 I-메뉴 O O O
B-술 O O
#dialog 392
O O O B-메뉴 O O O O
O O O
O O O
O B-음료 O B-음료 O
O B-결재종류 O
#dialog 393
B-메뉴 B-수량 O O O O O
O O O O
O O O O O O O
O O O
B-재료 I-재료 O O O O
#dialog 394
B-결제방식 O O O B-시설 O O O
B-결제방식 O O O O
O O O
O B-메뉴 O
B-메뉴 O O O
O B-수량 O B-메뉴 O O O
B-음료 O O
O B-음료 O
O O O O O B-메뉴 O
O
B-메뉴 O O O O O O O
O O O O O O
O O O
B-음료 O O
O O O
B-음료 O
#dialog 395
O O O B-메뉴 O O B-금액 O O O O O
B-메뉴 O O
B-비품 O
O O
O B-메뉴 O B-금액 O O O B-음료 B-수량 O
O
B-음료 O O O O
O O O O
O
O O O O O
B-장소 O O O
O O O B-비품 O O O O
O O O O
O
B-비품 O O O
#dialog 396
O
O O O
O
B-메뉴 O O O O O
B-메뉴 O O B-메뉴
O O
B-메뉴 O O
O O O O O O
B-재료 B-메뉴 O O
O O
O O O
B-메뉴 I-메뉴 I-메뉴 O
O O O
O O O
B-굽기 I-굽기 O O
B-메뉴 O O O O O
O B-사이드 O O O O
O B-메뉴 O O
O B-음료 O O
O B-재료 O
B-시간 O O O O
B-금액 O O B-시간 O
B-사이드 O O O O O O
O O
O O O O O O
O O O
O O O O O O
O O O
O O
O O O
O O O
O O B-카드종류 O O O O O
O O O O
#dialog 397
B-메뉴 B-수량 O B-세트메뉴 I-세트메뉴 B-수량 O
O O O
O O O
O O O
O B-메뉴 B-수량 O O O
#dialog 398
O B-인원 I-인원 O O O O O
O B-비품 O O
O O O
O O O
O O O O O O
B-술 O B-맥주 I-맥주 O O
B-장소 O O O
O O O O
O B-메뉴 O O O
B-맥주 I-맥주 O O
O B-수량 O O B-반찬 O O O
#dialog 399
O B-수량 O
O
O O
B-쿠폰 O O
B-쿠폰 O
#dialog 400
O O O O O O O
#dialog 401
B-인원 O O
O O O O O O O O O O O
B-메뉴 O
B-토핑 O B-토핑 O O O O
O O O O O O
O O B-토핑 O O O O O O O O
O O B-메뉴 I-메뉴 I-메뉴 O
O O O O
O B-수량 O
O O O O O O O O O
O O O O O O O
B-요일 O O O O
O O O O O
O O O O
B-재료 O B-재료 O O O O O
O O O O O O O
B-장소 O B-위치 I-위치 O
O O O O O
O O O O O O
#dialog 402
O O
O O O O O
B-배달지 I-배달지 I-배달지 O
O B-빈찬 O O
O O
#dialog 403
B-인원 O O
O O
B-메뉴 O B-수량 O O O
B-메뉴 O O O O O O
B-메뉴 B-수량 O
O O O O O O O
O O O
O O O O O O O O
O O O O O
O O O
O O O O O O
O O O O O O O O
B-결제방식 O O
B-결제방식 O B-결제방식 O
B-장소 O O O O O
#dialog 404
O O O
O B-수량 O O O O
O O
O B-반찬 B-수량 O B-소스 O O
B-메뉴 O O O O
#dialog 405
B-세트메뉴 I-세트메뉴 O O B-금액 O O O O
B-메뉴 O B-메뉴 O O O
O O O O
B-재료 O B-원산지 O
B-세트메뉴 I-세트메뉴 B-수량 O
O O O O
O O O O
B-장소 O O O
B-결제종류 O O
O O
O B-비품 O O O
O O O O
#dialog 406
O O
O O O O O O O O
B-인원 O B-인원 O O O O
B-시간 O B-시간
O O O
O O O O O O
O O O O
O B-금액 O O
O O O O O
O O O
B-결제방식 O B-결제방식 O O
B-결제방식 O O
O O O
#dialog 407
O O
O O O O O O
O O O O O O O
O O O O O O O O O
O O O O
#dialog 408
O O O O O
B-인원 O
O B-메뉴 O O O O
B-메뉴 I-메뉴 O O B-수량 I-수량 O B-음료 O O
B-비품 O O O
#dialog 409
B-예약시간 O O O
B-비품 O
O B-메뉴 O O
B-장소 O O O
B-식기 O O O O
#dialog 410
B-위치 O O
O B-메뉴치킨 O B-수량 I-수량 O O
B-위치 O O O
O O O O
O O B-음료 B-수량 O O
#dialog 411
O
O O B-메뉴 I-메뉴 O
O O O O O
O O O O
B-메뉴 B-수량 I-수량 O O
O O O
O B-메뉴 B-수량 I-수량 O
B-메뉴 B-재료 O O O O
O O O O O
B-식기 O O
B-메뉴 O O O O O
O O O O O
O O
B-상품권 I-상품권 O O
O
B-메뉴 O B-수량 I-수량 O O
O O
#dialog 412
O B-상호 O
B-메뉴 B-수량 O B-메뉴 O O
B-메뉴 O O B-수량 O
B-반찬 O O O
B-배달시간 O O
#dialog 413
O O
O B-예약일 B-예약시간 I-예약시간 O
O O O B-인원 O
B-인원 O B-메뉴 O O O O
B-시설 O O O
#dialog 414
O O O
O B-시간 O
O B-메뉴 B-수량 O B-메뉴 B-수량 O O O
O O
O O
#dialog 415
B-메뉴 O O O O
O O B-가짓수 I-가짓수 O O O O O
O O O O O O O O O O O
O O O O O O O
O O O O O O O O B-상품권 I-상품권 O
O O O O O B-금액 O B-금액 O
O O
O O O O O O O O O O
O O O O O O O O O O O O O
O O O O O O O O
O B-지점명 O B-지점명 O
#dialog 416
B-시간 B-메뉴 O B-메뉴 O
B-메뉴 O B-재료 O O
B-재료 O O O
B-메뉴 B-수량 O O O O O O
B-장소 O
#dialog 417
O O
O O O
O O O
O O O
O O
#dialog 418
O O O
B-인원 I-인원 O B-수량 I-수량 O O
B-인원 I-인원 O B-수량 I-수량 I-수량 O O O O O
B-수량 I-수량 O O B-메뉴 B-수량 I-수량 O B-음료 I-음료 O B-수량 O
B-메뉴 O O O
B-장소 O O O
O O O
O O O
#dialog 419
O O O O O
O O O O O
O O O O
O O O O O
O O O O O O
#dialog 420
O O
B-메뉴 O O O O O O O O
B-재료 O O B-메뉴 I-메뉴 O O
B-재료 O O O O O O O
B-메뉴 I-메뉴 O B-재료 O
O B-배달지 I-배달지 O O
#dialog 421
B-메뉴 B-수량 O
O O O
O
B-결제방식 O O
O O
#dialog 422
O O O
O
B-인원 O B-메뉴 O O
O O O O O O
B-인원 I-인원 O B-메뉴 O O O O O
O B-수량 O
O
O O O
O O O
B-장소 O O O
#dialog 423
O O O
B-메뉴 I-메뉴 O O
O O O O O O O O O
B-결제방식 O O
O O O
#dialog 424
O O O O O O O
B-메뉴 O B-인원 O O O O O O O O
B-사이즈 O O
O O O O O O
O O O
O O O O
B-토핑 O B-재료 O
O B-결제방식 O
B-카드종류 I-카드종류 O O O
O B-사이즈 O
O
B-음료 O O O
O B-사이즈 O B-수량 O
B-반찬 O O O O O O
O B-금액 O B-수량 O O O
O O O O
O O O O O
O O
O
#dialog 425
O O O O O
B-메뉴 O B-메뉴 O O O O B-재료 O
B-재료 B-원산지 O B-원산지 O
O O O O O
O O B-수량 O
O O O O
O O O O O O O
O O O O O O O O
O O O
O B-메뉴 O O O O O
B-계절 O B-메뉴 O
O O O O O O O
O O O O O O
O B-반찬 O O O
B-결제방식 O
O B-장소 O O O
#dialog 426
O O O O B-장소 O O
B-메뉴 B-수량 O O O
B-음료 B-수량 O
O
O O O
#dialog 427
O B-인원 O O O O O
O B-메뉴 O O
O O B-메뉴 I-메뉴 O O O O
O O O O O O
B-재료 O O O O O
B-결제종류 I-결제종류 O O
#dialog 428
O O
B-예약자 O
O O O O
O
O
#dialog 429
B-메뉴 O O O O O
O
B-메뉴 I-메뉴 O O
O O O
O O O O
B-메뉴 O O O O
O B-재료 O O O
O B-수량 I-수량 O
O O O
O O O
O O O O O
B-메뉴 I-메뉴 O O O
O O
O B-식기 O
O O O O O O
B-결제종류 O O
B-장소 O O
O O O
O O O
#dialog 430
B-메뉴 O
O O
O O
O O
O O
#dialog 431
O B-메뉴 B-수량 I-수량 O O
O B-메뉴 B-수량 O O O O O
O
O O O O
O O O O O O O
O O
O O O O O
O O O O O O
O O O O O O O
O O O O
O O O
B-인원 O O O O O
B-계절 O B-메뉴 O O O O
O O O
O B-메뉴 I-메뉴 O O
#dialog 432
B-메뉴 I-메뉴 O
O O O
B-메뉴 I-메뉴 O
O O O
O
#dialog 433
O O
B-비품 O O
O O O O
B-메뉴 O O O
B-메뉴 O O O O
O O O O O O B-맛 O O O
O B-메뉴 B-위치 O B-소스 O O O
B-맛 O O O
B-메뉴 O B-재료 O O
B-메뉴 O B-재료 O O
O B-메뉴 I-메뉴 B-수량 O B-소스 O O
O
O
O O O
B-결제방식 O O O O O
O B-결제방식 O
O O O O O
O O
O O O O O O
B-요일 O O
O O O O
O O
B-장소 O O O
O O O B-메뉴 O O O O
B-사이드 O O
O O
O O O
O O O O O O
O O
O O O O O O
#dialog 434
B-메뉴 I-메뉴 I-메뉴 O
O B-요일 O O
O O B-맛 O
#dialog 435
O O O B-수량 O
O O
B-음료 O O
B-메뉴 I-메뉴 O
O
#dialog 436
O O O O
O B-메뉴 O O
O O O O O O O O
O B-음료 O O B-음료 O O
O B-후식 I-후식 O O
#dialog 437
B-메뉴 O O
O O
B-메뉴 O B-메뉴 O O O
B-반찬 O B-오염물 O
O B-요일 O O O O
O O O O O O O
O O
#dialog 438
O O O
O O O
B-메뉴 I-메뉴 O O
O O O
O O B-수량 O
O O O O O O O
O O
B-장소 O O O
B-비품 O
O
O B-메뉴 O O O O
O O O
#dialog 439
O O
B-인원 O
O O O O O
B-메뉴 I-메뉴 B-음료 O O O
B-음료 B-수량 O O
#dialog 440
O O
O O O
O O O
O O O
O O
O O O O O
B-메뉴 O O O
O O O O O
B-메뉴 I-메뉴 B-수량 O
#dialog 441
B-인원 O O O O
O O B-예약시간 O O O O
B-메뉴 O B-메뉴 O O O O O
O B-메뉴 B-사이즈 I-사이즈 O B-수량 O
O O
#dialog 442
B-메뉴 O O O
O O O O
B-메뉴 O B-재료 O O O O
O O B-메뉴 O
O O O O O
B-반찬 O O O
B-재료 O B-재료 O
B-결제방식 O O
#dialog 443
B-메뉴 O
O O O O O
O O O
O O
O O O
#dialog 444
O B-수량 B-양념치킨 O O O
O O
B-소스 I-소스 O B-소스 I-소스 O
O O O O O
O O
#dialog 445
B-메뉴 B-인원 I-인원 O O O O O
B-재료 O O O
O B-수량 I-수량 O O
O B-비품 O O
O B-소스 O O O
O O O O O
O O B-양념 O O O O
B-비품 O O O B-메뉴 I-메뉴 O
B-메뉴 I-메뉴 O O
O B-메뉴 I-메뉴 O O O O
B-메뉴 I-메뉴 B-수량 O O O O O
O B-메뉴 O O O O O O
O B-메뉴 B-수량 O
O O
O B-양념 O O O O O O O O O O
B-양념 I-양념 O B-양념 O O O B-양념 O O O
#dialog 446
O O B-배달지 I-배달지 I-배달지 I-배달지 I-배달지 O O B-메뉴 I-메뉴 O
O B-비율 O O O
O O O O O O O O O
O O O O O O O O
O O O O
#dialog 447
B-메뉴 B-수량 O B-메뉴 B-메뉴 B-수량 O O
O B-메뉴 O B-메뉴 O O
O O B-결제방식 O
O B-결제방식 O O
O O
#dialog 448
O O O O
B-비품 O O O
O B-메뉴 O O
B-굽기 O O
B-술 O O O O
#dialog 449
B-메뉴 O B-사이즈 O B-금액 I-금액 O
O O
B-메뉴 I-메뉴 O B-금액 I-금액 O
O O O O
B-사이즈 B-수량 O
B-술 O O O O
B-소주종류 O B-음료 O
B-메뉴 O O O
#dialog 450
O O O O
O B-수량 O
B-장소 O O O
B-메뉴 B-재료 O
B-비품 O O
#dialog 451
B-대상 B-장소 O O O O
B-인원 O O O B-메뉴 I-메뉴 O O O O O O
O B-대상 O O O O O O O
B-수량 O O O
O O O O
O O
B-메뉴 O O O
B-사이즈 O
O O
#dialog 452
B-메뉴 O
B-메뉴 O O O O O O
B-시간 O O
O B-메뉴 O O
B-수량 O B-금액 O
O O
O O O O O O
O
B-메뉴 O B-횟수 I-횟수 O O O
B-세트메뉴 O O O O
O B-수량 O
O O
B-메뉴 O O O
B-소스 O O
O O B-수량 I-수량 O O
O O
B-메뉴 O O O
O O O O O O
O B-용기 O O O
O O O O
O O O
O
B-메뉴 O O O
O O B-메뉴 O
O B-메뉴 O
B-메뉴 I-메뉴 O B-수량 O O
#dialog 453
B-메뉴 B-사이즈 I-사이즈 O O
B-재료 O O
O O B-토핑 O B-토핑 O O
O B-메뉴 O O
B-수량 O O
#dialog 454
O B-메뉴 O O O O B-위치 O O O O
O O O
B-메뉴 O O O O O
B-메뉴 O B-수량 O B-기간 O O O
B-대상 O O O
O O O O
O O O O O B-수량 O
O
O O O O O O
O
O O B-금액 O O B-메뉴 O
O O O O O
O O O O O O O
#dialog 455
O B-인원 O
B-메뉴 O B-메뉴 O B-재료 O O O O
O O O
B-메뉴 B-수량 O
O
O O O O O O O
B-장소 O O
O O O O O
O O
O O O O O O
O
B-메뉴 O O O O O
O O O O O O
B-결제방식 O O O
O B-상품권 O O O O
#dialog 456
O O O O
O O O O O
B-수량 I-수량 O O B-메뉴 O O
O O B-메뉴 O B-맛종류 O O
O O
O O B-금액 I-금액 O O
O O
O O O O
O O O O O O O O
O O O O O O O
B-소스 B-수량 I-수량 O O O
O O O O O O
O O O
O O O O O
#dialog 457
B-메뉴 O O O
O O O O
B-메뉴 O B-가짓수 I-가짓수 O
B-메뉴 I-메뉴 O B-수량 I-수량 O O O O O
O B-금액 I-금액 O
B-메뉴 I-메뉴 B-수량 I-수량 O B-금액 I-금액 O
B-메뉴 I-메뉴 B-수량 I-수량 O
O O O O O O O
O O
O O O
O O O O O O
B-요일 B-요일 O O
O O O O O
O O
O O O
O
B-결제종류 O
B-카드종류 O
O O O O
#dialog 458
O O O O O O O
O O
O O O O O O O O
O O O
B-메뉴 I-메뉴 I-메뉴 B-수량 O B-메뉴 O O O
#dialog 459
O O O
O B-배달지 I-배달지 I-배달지 I-배달지 I-배달지 I-배달지 O
B-메뉴 B-수량 B-메뉴 B-사이즈 O B-메뉴 B-수량 I-수량 O O
O B-메뉴 B-사이즈 O B-사이즈 O O
O O O
#dialog 460
O O O
B-메뉴 O O O O
B-메뉴 O O O O
O O
B-메뉴 O B-메뉴 B-수량 O B-메뉴 O O
B-맵기 O O
O
O O O O O O
B-비품 O O O
B-메뉴 B-수량 O O
O O O
O O O O O
#dialog 461
O O O
B-예약자 O
O B-장소 O O
O O O O
O O O O
#dialog 462
B-인원 O O
O O O O O O O
O B-메뉴 I-메뉴 O O O
O B-메뉴 I-메뉴 I-메뉴 O
O O B-메뉴 O O
B-사이드 O O
O O
O O O O
B-식기 B-수량 O O
B-장소 O O
O O O O O
O O O
O O B-수량 O
O O O
O O O O O
O
#dialog 463
B-인원 O
O O O O B-인원 O
B-메뉴 O O
B-메뉴 O O O O O O O
O O O O B-메뉴 I-메뉴 O O
B-비품 O O B-위치 I-위치 I-위치 O O
O O O
O O O O O
#dialog 464
O
O O O
B-상호 I-상호 I-상호 I-상호 O
B-반찬 O O
O O O
#dialog 465
B-메뉴 B-수량 O O
B-수량 O O O
O O O O O
O O
O B-메뉴 B-수량 O O O
#dialog 466
O O
B-인원 O O
O O O
O O O
B-장소 O O O O
O O O O O O O
O O O O O O
O O O
B-반찬 O B-장소 O O O O
O O
O O O O
#dialog 467
O O
B-좌석 O
O O O
B-메뉴 O O
B-메뉴 B-수량 O
B-메뉴 O B-재료 B-위치 O B-소스 O O
O B-메뉴 O O
O O O O
O O O O O
#dialog 468
B-위치 O O
B-메뉴 I-메뉴 I-메뉴 O O
O O
B-메뉴 I-메뉴 B-수량 O
B-장소 O O B-위치 O O
B-메뉴 B-수량 I-수량 O O O B-날짜 O O
O O
B-결제종류 O
O O
O O
B-반찬 O O O
B-메뉴 B-수량 O O
#dialog 469
B-배달지 O
O O O O
O O O
B-배달지 I-배달지 I-배달지 O
O O O
#dialog 470
O O O O O
O O O
O O O
O O O O O O
O B-메뉴 B-수량 O B-메뉴 O
#dialog 471
O O O O O
O O O
B-메뉴 I-메뉴 O O
O B-음료 O O
O O O O
#dialog 472
B-날짜 O O O
B-예약시간 O O
O B-예약시간 O B-인원 O
O O O O
O O
#dialog 473
O O O
O B-비품 O
O O O
O O O
O O O O
B-장소 O O O
O O O O O O
O O O O O B-반찬 B-반찬 O
O O O
#dialog 474
B-메뉴 O B-수량 O O
O
B-메뉴 O O O O
O B-금액 I-금액 O O
O B-수량 O
O O O
B-메뉴 O O
O O O O O O
O O O O O
O B-인원 I-인원 O
O O O O
O O O O O O O
O O O O O O O O O
B-계절 O O O
O O O O O
O
O O O O O
O O O O
#dialog 475
B-비품 O O
B-메뉴 O O
O O O
B-위치 O O O
B-메뉴 O O
O O B-메뉴 O
O O O
O O O O
B-메뉴 O O
O O B-양념 O O O O O
O O B-재료 O
O O
B-요일 O O
O O O O
B-메뉴 O O O O B-식기 B-수량 O O
B-반찬 O O O O O O
O O
O O O
O O O O
#dialog 476
O B-인원 O O
O O O O O O O O O O
O O O O O
B-메뉴 O O B-토핑 O O O
B-메뉴 I-메뉴 O O O O O
B-메뉴 B-재료 I-메뉴 O O O O O
O B-메뉴 O O O O
O O O O O O O B-토핑 O
B-메뉴 I-메뉴 O O
B-메뉴 I-메뉴 O B-토핑 O O O O
O O O O O O O
B-요일 O O
B-요일 O O
O O O O
O O O O O
B-메뉴 O O O O
O O
O B-메뉴 I-메뉴 B-수량 O
O B-소스 O
O B-반찬 O O O
B-메뉴 O O O
O B-식기 O O O O B-수량 O
B-메뉴 O O B-디저트 O O O O
O O O O O O
O
O O
B-장소 O O O
#dialog 477
O O B-상호 O
B-시간 O
B-메뉴 O B-메뉴 O O
O B-배달지 I-배달지 I-배달지 O
O O O
#dialog 478
B-메뉴 O O O
B-메뉴 B-수량 B-메뉴 O O
O O
B-메뉴 O O
B-메뉴 O B-재료 O O
#dialog 479
O O O
O O O O
O O O
B-메뉴 O O O O
B-메뉴 O O O
#dialog 480
B-예약일 I-예약일 O O
B-인원 O
O B-자리 O O
O O
B-예약시간 I-예약시간 O O
#dialog 481
O B-시간 O O O
B-예약시간 I-예약시간 O O
B-인원 O O B-장소 O O O O
O O O O O
B-메누 I-메누 O O
#dialog 482
B-메뉴 O B-메뉴 O O O
O O O O O
O B-소스 I-소스 O O
B-음료 O O O O
O O
#dialog 483
O
B-재료 O B-재료 O O O O
B-메뉴 O O
O O O
B-메뉴 I-메뉴 O B-재료 O O O
B-메뉴 B-ㅅ I-ㅅ O
O B-메뉴 B-수량 I-수량 O
O O O O
O O O O O
O O O O
O B-요일 O O O O O
#dialog 484
B-인원 O O
B-비품 O
B-메뉴 O O O O O O
B-메뉴 O O B-맵기 O
B-메뉴 O B-재료 O O O
O O O O O
B-메뉴 O B-재료 O O O
B-메뉴 O O
O O O O O O
B-요일 B-요일 O O
B-공휴일 O O
O O O O O
B-식기 B-수량 O O O
B-반찬 O O O
B-결제방식 O
#dialog 485
B-메뉴 I-메뉴 I-메뉴 O
O O O
B-메뉴 I-메뉴 I-메뉴 O O
O O
O
#dialog 486
O O
B-예약자 O B-인원 O
O
B-메뉴 I-메뉴 O B-수량 O
B-술 B-수량 O
#dialog 487
O O O O O O
B-반찬 B-수량 O O
B-음료 O O O
O O
O O
#dialog 488
B-메뉴 B-수량 O O O O
O O
O B-메뉴 I-메뉴 O B-메뉴 B-수량 O B-메뉴 O O O
O O O
O B-메뉴 I-메뉴 O B-음료 O O
#dialog 489
O O O
B-배달지 I-배달지 O
O B-음료 O
O B-음료 B-수량 I-수량 O
O O O
#dialog 490
B-메뉴 O B-메뉴 O
B-수량 O
O O
B-결제방식 O O
O O
#dialog 491
O B-인원
B-비품 O O
O O O O
B-메뉴 I-메뉴 O
B-메뉴 O B-메뉴 O O B-메뉴 O
O O O
B-수량 O O O
O O O O O O
B-메뉴 O B-재료 O O O O
O O
O O O O
O O O O O
O O O O
B-메뉴 I-메뉴 O B-메뉴 I-메뉴 O
O B-메뉴 O
O
O O O O
B-결제방식 O O O O O O
O
O O O O
O O O O
O O
B-재료 O B-제조방법 O O O O
B-식기 B-수량 O O
O B-서비스 O
#dialog 492
O O O O
O O
O O O O
B-메뉴 O B-메뉴 O O
B-메뉴 O O
B-수량 O O O O O O
B-메뉴 B-수량 O
O O O O
O O O O
O
O O O
B-재료 O O
O O O O O
O
O O
#dialog 493
O O O O
O O O O O O
O O O
O O O O B-수량 O
B-장소 O O
#dialog 494
B-메뉴 O B-메뉴 O B-메뉴 O
B-메뉴 O O B-재료 O
O B-메뉴 B-위치 O B-재료 O O O O
O O B-메뉴 O B-수량 O
O O O O
O O O O
O O
O O O O
O
O O O
O O O O
B-재료 O B-메뉴 O B-재료 O
O O O O O O
O O
O O B-양념 O B-가짓수 I-가짓수 O
O B-양념 I-양념 O
O
O O O O O O
B-인원 O O O O
#dialog 495
O O O O
B-메뉴 O O B-음료 O
O O O
B-결제방식 O
O O O
#dialog 496
B-장소 O O O
O O B-맵기 O O
B-메뉴 I-메뉴 B-수량 O B-메뉴 O B-메뉴 O O
B-메뉴 B-메뉴 O
O B-사이드 O
B-메뉴 O B-메뉴 O O O O
O O O O
O O O O B-결제종류 O O O
O O O O
#dialog 497
O O O
O
B-수량 O B-사이드 O O O
B-음료 O O
O O
#dialog 498
B-메뉴 O O O O
B-메뉴 I-메뉴 O O
O O O
O O
B-소스 O O
#dialog 499
O O O O
B-맛 O O O O O O O
B-메뉴 I-메뉴 O O
B-메뉴 I-메뉴 O O O O O
O B-메뉴 I-메뉴 B-수량 O
O O
O O O
#dialog 500
O O O
B-메뉴 O B-메뉴 O
O O
B-메뉴 O O O O
B-결제방식 O O
#dialog 501
B-메뉴 O O
O O O
#dialog 502
O O O O O
O O O O
O O
O O
O O O
#dialog 503
O
B-메뉴 O O O
O O
B-메뉴 I-메뉴 O O
O O O O
O
O B-메뉴 I-메뉴 B-수량 O B-메뉴 I-메뉴 O O
O O
B-메뉴 I-메뉴 O O O O
O O O
B-메뉴 O O O O
O O O O O O O O
O O O O
O O O
#dialog 504
O B-메뉴 O O
O B-메뉴 O O O O
O B-나이 O O O
O B-메뉴 O O
O O O O
#dialog 505
B-메뉴 O B-메뉴 O O
B-메뉴 O O O
B-메뉴 O O
O O
O O
#dialog 506
O O B-인원 O O
B-비품 O O
O O O O O O O O O O B-재료 O O O O O O
O O B-메뉴 O O
O O O O O
O B-메뉴 O B-초밥 B-가짓수 I-가짓수 O O
O O O
O
O O O
O O O O O O O
O O O O O O
O B-메뉴 I-메뉴 O O O O
O O O O O O
B-초밥 O O O O O O
O O
B-메뉴 O O O O O O O O
B-반찬 O O B-소스 O O O O
O B-결제종류 O O
O B-결제종류 O B-결제종류 O
O O O
O O O O O O O
O B-결제종류 O
O
#dialog 507
O O O
O O O
B-메뉴 B-수량 O B-메뉴 O O
O
O O
O B-메뉴 O O O B-재료 O B-양념 O O O O O
B-원산지 O
B-장소 O O
O O O O
O O O
O O
#dialog 508
O O O O O
O O O O
O O O O O
O O O O O
O O O
O O B-오픈시간 I-오픈시간 O O O
O O B-맵기 I-맵기 O O O O O
O O
O B-나이 O O O O O O O
O O O O O O B-나이 O O O O O O O
#dialog 509
B-메뉴 I-메뉴 O O
B-재료 O B-메뉴 I-메뉴 O
B-메뉴 B-수량 O O O B-메뉴 O O B-수량 I-수량 O O
B-메뉴 B-수량 O B-메뉴 O O
O O O O O O O
O O O O O O
O O B-메뉴 O O O O
O O
O B-시간 I-시간 O O O
O O O
B-결제종류 O O
O O O O O
#dialog 510
O O O O O
O O
O O O
O
O O
#dialog 511
B-메뉴 O O O O
O O O B-수량 O
O O O O O
B-메뉴 O B-음료 I-음료 O O
O O
#dialog 512
O O O O
O O O O O O O O O
O O O B-메뉴 I-메뉴 O O
O O O O O O O O O O O O
O O B-수량 O
O O O O
B-재료 O B-재료 B-원산지 O
O O O O O O O O
O O O O O
O B-메뉴 O B-식기 O B-식기 O O O O O O
O B-재료 O B-양념 I-양념 O
B-반찬 O O O
O B-결제종류 O O
O O B-결제종류 O
B-결제종류 O O O
O O O
#dialog 513
O B-인원 O O O O
B-예약시간 I-예약시간 O O O O
O O
O O O O O
B-메뉴 O O
#dialog 514
O O O
B-메뉴 O O
O O O O B-메뉴 B-수량 O
O O
B-장소 O O
B-장소 O O O O
O O B-메뉴 O O
B-반찬 O O O
O
O O O
O O O
#dialog 515
B-메뉴 O O
B-배달지 I-배달지 I-배달지 I-배달지 I-배달지 I-배달지
B-메뉴 O O O O
O B-재료 O
O O O
B-사이즈 O
B-결제방식 O O
O B-음료 O O
O B-음료 B-사이즈 I-사이즈 B-수량 I-수량 O
B-반찬 O O
O O
O O B-결제방식 O O
#dialog 516
O O O
B-메뉴 I-메뉴 O B-위치 O B-재료 O O O
O B-메뉴 O
B-수량 I-수량 O
O
O
B-메뉴 O B-위치 O B-재료 O O
O O O O
O O O
O O O O O O O
O O O O O O O O O O O
O O O O O O
O O O
#dialog 517
O
O B-메뉴 O O O
O
O O O O O O O O
O O O
O O O O O
O O O
O O O O O O
O B-상호 I-상호 O O
O O
O O B-반찬 O O
O B-반찬 O O O
O O O O
O O
#dialog 518
O O O
B-메뉴 O B-수량 O
O O O O
B-메뉴 O B-메뉴 O O O O
O O O
O O O
B-사이드 O O
#dialog 519
O O O O
B-결제종류 I-결제종류 O
B-메뉴 O
O B-음료 O B-사이드 O O O O O
B-메뉴 O B-음료 O O O O
O O
O O O O
O O O O
O
B-비품 O
B-장소 O O
#dialog 520
B-메뉴 O
O O
O O O
B-메뉴 O O
B-메뉴 I-메뉴 O O
O B-메뉴 O O O
O B-수량 O
O
O
O O O
O O O O O
O O
O
#dialog 521
O O O O
B-메뉴 O O
O O
O O
O O O
#dialog 522
O B-인원 O O
O O O
O O O O
O O O
O O O B-수량 O
#dialog 523
B-인원 O O O O
B-메뉴 I-메뉴 O O O O O
O B-메뉴 I-메뉴 O O
O B-메뉴 I-메뉴 O B-가짓수 I-가짓수 O
O O O
B-메뉴 O B-금액 O
O O O O
O O O
O O O O
B-식기 O O B-반찬 O O O
O O O
O O
B-결제종류 O
O O O O O O
#dialog 524
O O O O
O O O O O
O O O B-수량 O
B-술 O O O
B-술종류 I-술종류 O O
#dialog 525
B-세트메뉴 O
O O O O
O O O
O O
O O O
#dialog 526
B-메뉴 I-메뉴 I-메뉴 B-수량 O
B-배달지 I-배달지 I-배달지 O O O
O O B-쿠폰 I-쿠폰 B-수량 O O O O O
O O O B-수량 O B-메뉴 I-메뉴 B-수량 O O O
B-결제방식 O O
#dialog 527
B-사이드 O B-메뉴 O O O
B-메뉴 B-수량 I-수량 O B-사이드 B-수량 I-수량 O
B-메뉴 O O B-메뉴 I-메뉴 B-수량 O O O O
B-비품 O O O
B-재료 O O O
O O
O O
B-배달지 I-배달지 O O O
O O O
#dialog 528
B-메뉴 I-메뉴 O
B-맵기 I-맵기 I-맵기 O O O
O B-맵기 O O O
B-메뉴 I-메뉴 O O
O O O O O
#dialog 529
O O O
O O O
B-메뉴 I-메뉴 O O
O O O
O O O B-맛 O O O O
O O O
B-메뉴 O O
B-메뉴 O O
B-메뉴 O O O O O
B-메뉴 B-재료 O B-원산지 O
B-메뉴 I-메뉴 O O
O B-메뉴 I-메뉴 O B-수량 O
O O O O
O
O O O
B-음료 O O O O
#dialog 530
O O O O
O O B-메뉴 I-메뉴 O O O
O O O O O
O O B-음료 O B-수량 O O
B-결제방식 O O O O O O O O
#dialog 531
O B-상호 O
B-세트메뉴 I-세트메뉴 I-세트메뉴 O O
O O O
O O O
O B-결제방식 O O
#dialog 532
B-메뉴 B-수량 O O
O B-수량 O O O
O O O
B-음료 O O
B-술 O
#dialog 533
B-인원 O O O O O O
O B-메뉴 B-수량 O
B-메뉴 O B-금액 I-금액 O
O O O
O
O B-행사 O O O O O O
O O O O O
O O O
B-예약인원 I-예약인원 O O O O
O O B-금액 I-금액 O O
O B-메뉴 O O
B-양념 O O O
O O
O O O O O O
#dialog 534
O O O O O
O O O O
B-장소 O O O O
#dialog 535
O O O O
B-인원 O O B-수량 I-수량 O O
B-메뉴 B-수량 O O O
O O O O
B-재료 O O O O B-재료 O O O
O O O
O O O O O O
O O O
B-식기 O B-수량 O O O
O O
O O O O
O O O
#dialog 536
B-메뉴 O O O
O O O O
O O
O B-갯수 I-갯수 O O O O O O O
O O B-메뉴 O O O O O
#dialog 537
B-인원 I-인원 O
B-위치 I-위치 O O
O O O
O O O
B-메뉴 I-메뉴 O O O
O O O O
O B-금액 I-금액 O
O O B-재료 O B-원산지 O O
O O B-할인율 I-할인율 O O O
O O O O O
B-메뉴 I-메뉴 I-메뉴 O O B-메뉴 O O O O O B-메뉴 O O
O B-메뉴 O O O
B-메뉴 I-메뉴 I-메뉴 B-수량 I-수량 O
O
B-수프 O O O O
B-수프 O O
B-에이드 B-수량 B-에이드 O O O
O O O O O O O
O B-카드종류 O O O O O O O O O
B-카드종류 I-카드종류 I-카드종류 I-카드종류 O
O B-카드종류 O O
O O O O O
B-카드종류 O B-할인율 I-할인율 O O O O O O
O O
B-카드종류 O
O B-카드종류 I-카드종류 I-카드종류 O B-카드종류 O O
O
O
O O O O O O O
O
#dialog 538
O O O O O O O
B-수량 I-수량 O O
O O O
O O O
O O O
O B-장소 O O O O
O O O
B-식기 O O O
O O
O O
O O O B-대상 O O O O O
#dialog 539
O O
O O O O O O
B-나이 O O O O
O O O O
O O O B-음료 B-사이즈 O
#dialog 540
B-메뉴 O O O B-메뉴 O O O
B-메뉴 O O
O O O
O O B-세트메뉴 I-세트메뉴 B-수량 O
O O
O
O O B-수량 O
#dialog 541
B-메뉴 I-메뉴 O O O
O O O O O
B-메뉴 I-메뉴 O O O
B-수량 I-수량 O O
O O
O B-요일 O O
O O O O O
#dialog 542
O O O O O
O
B-메뉴 B-수량 O O
O B-수량 O
B-재료 O O
#dialog 543
O B-메뉴 O O
O O O O O
B-사이드 O O O O
O B-사이드 O O
O B-메뉴 O B-메뉴 O B-사이드 B-수량 O O
#dialog 544
B-안원 O O O O O
B-메뉴 O B-수량 O
O
B-메뉴 O O B-메뉴 O
O O O O O O O O O O
O O O O O
B-메뉴 O
B-예약인원 O O O O
O B-수량 O
O O O
O O O O
#dialog 545
O O O O O
O O O O O O O O
O B-메뉴 O O O O B-수량 O B-메뉴 I-메뉴 O O O
O B-메뉴 O O O O
B-메뉴 O B-메뉴 O B-메뉴 O O O
O B-메뉴 O O O
O B-메뉴 O O O
O O O O O O O O O O O
O
B-메뉴 B-수량 O O O O
O O O O O
O O O O
B-요일 O
O O O
O O O
O O O
O B-메뉴 O O O
O O B-메뉴 B-수량 O
O
O O O O O O O O O
O O O O
O O O O O
O O O O O O O O O
#dialog 546
O O
O O O O O O O
B-결제방식 O O
O O O O
O O O O O
#dialog 547
B-비품 O O O
O O O
O O O O
B-메뉴 O B-음료 O B-음료 O O O O
O O B-수량 O B-메뉴 O B-음료 O O
#dialog 548
O O O
B-메뉴 I-메뉴 B-수량 O
O O O
O O O O O O O
B-재료 O O B-원산지 O
O O B-수량 I-수량 O O O
#dialog 549
O O O
O O O O O O O B-메뉴 O O B-재료 O O O O
B-메뉴 I-메뉴 O O O O
B-메뉴 O B-재료 O
O B-원산지 O
O O O O O O O O O
B-메뉴 I-메뉴 O B-인원 I-인원 O O O O O O
B-메뉴 O
O O O O O O
O O O O
O O O O O O
#dialog 550
O
B-비품 O O
B-메뉴 I-메뉴 I-메뉴 O B-사이드 O O
B-재료 O O O O O O O O
O O B-수량 O B-메뉴 I-메뉴 I-메뉴 O B-메뉴 I-메뉴 O B-맛 O O O O O O
B-메뉴 I-메뉴 I-메뉴 O O O
O O B-수량 O B-메뉴 I-메뉴 I-메뉴 O O
B-사이드 O O
O
B-상품권 I-상품권 O O O
B-음료 O B-재료 O
#dialog 551
O O O
B-메뉴 I-메뉴 O B-메뉴 I-메뉴 O O O
#dialog 552
B-상호 O
B-대상 O O O O O O
B-메뉴 O O
B-메뉴 O B-맛 O O B-맛 I-맛 O O
O O O O
B-메뉴 O B-인원 B-수량 B-사이즈 O O O
O O O
B-메뉴 O O B-인원 O O B-연령대 O O O O O
B-메뉴 O O O
B-대상 O O O O O
O O O O
O O O O
O O O
O O O O
B-배달지 O
O O O O
O O O O O O
#dialog 553
B-메뉴 B-메뉴 O
B-메뉴 O O O B-메뉴 O
O B-수량 I-수량
O B-재료 O O O
O
B-메뉴 O O O O O
O O O O O
#dialog 554
O B-인원 O O O
B-비품 O O O
O O O O O O O O
O B-메뉴 I-메뉴 O B-음료 O B-음료 O O O O
B-비품 O B-수량 O O O
#dialog 555
B-메뉴 O B-메뉴 O
O B-메뉴 B-수량 O B-메뉴 O O
O O O
O O O
O B-메뉴 O B-재료 O
#dialog 556
O O O
B-메뉴 O B-사이즈 O O O
B-메뉴 I-메뉴 O O O
O O
O O
#dialog 557
O O B-시설 O O O
O O O O B-세트메뉴 I-세트메뉴 I-세트메뉴 O O
B-수량 I-수량 O
B-메뉴 O B-위치 O B-재료 I-재료 O O
B-메뉴 O B-수량 I-수량 O O
O O B-수량 I-수량 O
O O O
O
O O O O O O
B-제품 O O O O
O B-금액 O O O
#dialog 558
B-인원 O O
O O O O
O B-메뉴 O O O
B-사이드 O O O O
O B-메뉴 B-수량 O O O O O O O
O O O O
O O
O O O O O O
B-요일 O
O O O O O
B-수량 O O
O O O O
O O B-음료 B-수량 I-수량 O O
O B-결제방식 O O
O B-결제방식 O O O B-결제방식 O O
#dialog 559
O B-상호 I-상호 O
B-인원 I-인원 O O O O O O O O O
O B-장소 O O
B-예약일 I-예약일 O O O B-위치 O O O O O O O
O O O O O O
O O B-메뉴 O O
B-결제방식 O O
O O O O O O O O O O
O O O O O O O
O O O O O O O
O O O O
#dialog 560
O O O O O O O O
B-메뉴 I-메뉴 O B-사이즈 I-사이즈 O
B-인원 O O O
O O O O
O B-메뉴 I-메뉴 O B-사이드 B-수량 O O
#dialog 561
B-메뉴 O O O O O
O O O B-재료 O O
B-메뉴 O B-재료 O O O O
O B-메뉴 I-메뉴 O B-재료 B-수량 I-수량 O
O B-메뉴 O O
O
O O
O
B-메뉴 O O O
O O B-메뉴 I-메뉴 O O O
O O
B-메뉴 I-메뉴 O B-재료 O O B-재료 O
B-재료 O
B-메뉴 O B-재료 O O
B-메뉴 O B-재료 O
B-장소 O O O
B-세트메뉴 I-세트메뉴 I-세트메뉴 O O B-사이드 O O B-금액 O O O O O
O O O O O
#dialog 562
O O O O
B-메뉴 O O O O
O B-메뉴 O B-음료 O O
O
O O
O O O O O
B-메뉴 I-메뉴 O O O O
O O O
B-음료 O O O O
#dialog 563
O
B-메뉴 B-사이즈 O O O O O
O B-메뉴 O O
O B-메뉴 O O B-메뉴 B-사이즈 O O O
O O
#dialog 564
B-인원 O O O O
B-메뉴 O
B-메뉴 B-수량 O
B-금액 I-금액 O B-메뉴 O
O O O O O
#dialog 565
O B-오픈시간 O O O
O O O O O O
B-메뉴 O B-사이드 O O O O O
B-메뉴 O O O
B-메뉴 B-메뉴 O
O B-메뉴 O O B-사이드 O O O O
O O O O
B-장소 O
B-식기 O O O
O B-제품 I-제품 O O O O O
O O O
B-시간 O O O O
O O
#dialog 566
O O O
O O O O O
O O O O
O O B-사이즈 O O
O B-음료 O O
#dialog 567
B-인원 O O
O O O O O
B-메뉴 O B-사이드 O O
O O B-재료 O O O
O B-수량 O O O O O
O O O O O O O O O O
O O O O O O O O O O
B-날짜 O O
O B-인원
B-결제방식 O O
#dialog 568
B-메뉴 O O O O
O O O O O O O
B-메뉴 O O O O
O O
B-인원 O
O O B-수량 I-수량 O
O O O
O O
O O O O
B-사이드 O O O O
B-메뉴 O
O O O O
O B-맵기 O B-수량 I-수량 O
O B-맵기 I-맵기 B-수량 I-수량 B-맵기 I-맵기 B-수량 I-수량 O O
B-사이드 I-사이드 O O O
O O O
B-메뉴 O O B-수량 O
B-수량 I-수량 O B-메뉴 O B-수량 I-수량 O O
#dialog 569
O O O
O O O O O
O O O O
O O O
O O O
#dialog 570
O O O B-메뉴 O O O O O
O O
O O
O
B-행사 O O O O
B-인원 O
O B-메뉴 I-메뉴 B-수량 O
O
B-행사 O O O O O
O O O
O O
O O O
B-재료 O B-원산지 O
#dialog 571
O O O O
O O O
B-메뉴 O O B-재료 O O O O O
O B-비품 O O
B-메뉴 I-메뉴 B-수량 O B-메뉴 I-메뉴 O O
O O O
O O O
O O O O
O
O B-식기 B-수량 O O O
O B-반찬 O O O O
O O O O O O
B-메뉴 O O O
B-메뉴 O O O
#dialog 572
O
O O O O O O
B-메뉴 O
B-요일 O O
B-장소 O O O
O O
B-서비스 O O O O
B-수량 I-수량 O O O
B-결제방식 O O
B-재료 O O O
B-결제방식 O O O O O
B-제조방법 O
O O O O O
O O O O O
B-결제방식 O
O O O O
O O
#dialog 573
B-메뉴 O B-메뉴 O
O O O O O O
B-메뉴 O O O
B-메뉴 I-메뉴 O B-메뉴 O
B-메뉴 O O O
B-메뉴 I-메뉴 B-금액 O
O O O
B-메뉴 I-메뉴 O O
O O
B-비품 O O
O O
O B-시간 O
O O O O O O O O O O
O
O O O O O O O
#dialog 574
O
B-메뉴 B-사이즈 O O
O O B-메뉴 O B-메뉴 B-사이즈 O O
O O B-배달지 I-배달지 O O
O O
#dialog 575
B-세트메뉴 O
B-메뉴 O O
B-메뉴 O O
B-메뉴 O O
O O O
#dialog 576
B-메뉴 O
B-수량 I-수량 O O
O O O O O
O O O O O
O O O O O O O
O O O O O O O
O O O O O O O O
O O O O O
O O O B-배달지 O O O
O O O
#dialog 577
B-인원 I-인원 O
O O O
B-메뉴 B-재료 O O O
O O O O
O O O O O
O O O
O O O B-사이즈 B-수량 I-수량 O B-메뉴 B-수량 O B-메뉴 O O
B-메뉴 B-수량 O B-메뉴 O O
O B-메뉴 O O B-식기 O O O
O O B-메뉴 B-수량 O O O O O O O O
O O
#dialog 578
B-메뉴 O O
B-메뉴 I-메뉴 O
B-메뉴 O O O
B-메뉴 O O
B-메뉴 O O
O
O O
O O O O O
O O O O
O O O O O O O O O
B-메뉴 O O O
B-시간 O O O O
O O O O O O O O O
O O
B-반찬 O O O
B-비품 O O O
O B-결제방식 O O
O
O O
B-시설 O O
O O
#dialog 579
B-메뉴 B-수량 O O O O
B-메뉴 B-쿠폰 O O
B-메뉴 B-장소 O O O O
B-메뉴 O O O
B-메뉴 B-나이 O O O
#dialog 580
B-메뉴 I-메뉴 I-메뉴 B-수량 O
O O O O
O O
B-메뉴 O O O
B-비품 O O O O
#dialog 581
O O B-예약자 O
O O O O
B-메뉴 O O
O O B-결제방식 O O
O B-결제방식 O O
#dialog 582
B-메뉴 I-메뉴 B-사이즈 O O O O O
B-메뉴 I-메뉴 O O
O O O
B-음료 O O
O O O
#dialog 583
B-메뉴 O O O O
O O O
O O O
B-메뉴 O B-재료 O
B-재료 O B-원산지 O
O O O O O B-메뉴 O
B-메뉴 I-메뉴 B-수량 O B-금액 I-금액 I-금액 O
O O O O
B-메뉴 I-메뉴 O B-재료 O O O O
O B-원산지 O O O
O O O O
B-메뉴 I-메뉴 B-수량 I-수량 O O O
O
B-결제종류 O
B-결제종류 O O
O O O O O O
B-요일 O O
O O O O O
O O
O O O
O O O
#dialog 584
B-메뉴 B-수량 O B-메뉴 B-수량 O
O O O B-비품 I-비품 O O O O
O O O O O O O
B-반찬 O O O
O
#dialog 585
O O O O
B-메뉴 I-메뉴 O O
O O O
B-메뉴 O O O
O
#dialog 586
O O O
B-인원 O O O O O
O O
O O O O O O O
O B-수량 O
#dialog 587
B-메뉴 O
B-세트메뉴 I-세트메뉴 O O
O O O
B-세트메뉴 I-세트메뉴 O B-메뉴 O O
O O
#dialog 588
O O
B-시설 O
B-메뉴 B-수량 O B-메뉴 O O
O B-메뉴 O O O O
#dialog 589
B-메뉴 I-메뉴 O B-메뉴 I-메뉴 O
B-수량 O
B-재료 B-원산지 O
O O B-시간 O
O B-메뉴 I-메뉴 O O O O O
O B-재료 O O O O O
#dialog 590
B-메뉴 B-수량 I-수량 O B-메뉴 B-수량 O
B-메뉴 I-메뉴 O O O O
O B-메뉴 O O
B-메뉴 O O
O O B-메뉴 B-수량 O B-메뉴 O O
O O
B-메뉴 O O
B-결제종류 O O
O O
#dialog 591
B-세트메뉴 B-수량 B-메뉴 O O
O B-수량 O O O O O B-사이드 O O
O B-장소 O O O
O O O
O O O
#dialog 592
B-메뉴 O
O O O O
O O
O O O B-수량 O
O O
#dialog 593
B-날짜 B-시간 O O
B-시간 O B-인원 O
O O O O O
O O O O O
O O
#dialog 594
O
O O
B-메뉴 O O O
O B-사이즈 O
B-결제방식 O
#dialog 595
O O O
B-주소 I-주소 I-주소 O
O O O O O
O O O
O O O
#dialog 596
O
B-메뉴 B-제조방법 O O O
O O O
O
O O O
#dialog 597
B-메뉴 B-수량 O
O O O
O B-양념 O
B-시간 O O O O O
#dialog 598
O B-메뉴 O O O O O
O O O B-인원 O O O O
O B-재료 O O
O O B-메뉴 O
O O O O O O O O O
O B-메뉴 I-메뉴 O
O O B-수량 O O O
O B-음료 O O O
O O O
O O O O
O O O O O O
O O O O
B-메뉴 O O B-메뉴 O
O B-메뉴 O
O B-재료 O O
O O O O B-재료 O O
B-메뉴 O O
O B-메뉴 O O B-메뉴 O
B-메뉴 O O
#dialog 599
O O B-메뉴 O B-할인율 I-할인율 O O O
O O O
O O B-기간 O O O
O O B-메뉴 O B-연령대 O
B-재료 O B-재료 O
O O O O
O O O O O
#dialog 600
B-인원 O O
O B-인원 O O
B-메뉴 O B-메뉴 O O O O O O
O B-술 O O
O B-술 B-수량 O B-메뉴 B-수량 O B-메뉴 O O B-수량 O
#dialog 601
O O O
O
O O B-재료 O
B-메뉴 O
O O O O
O
O O O
O O O O
B-메뉴 O O O O O O O O
#dialog 602
B-인원 O O
O B-메뉴 O O
B-메뉴 I-메뉴 O O O
B-메뉴 I-메뉴 B-수량 O
B-장소 O O O
O O O O O O
O B-장소 O O O O O O O O
B-행사 O O O O O O
O O O
O
O O O O
O O O
#dialog 603
O O O
O O
O O O O O
O B-음료 O O O
B-결제방식 O
#dialog 604
O O O O O
O O O
B-메뉴 O O O
B-가짓수 O O
B-결제방식 O O
#dialog 605
B-메뉴 O O O O O
O B-메뉴 O O O
O O O
B-할인율 I-할인율 O O
O O O O O
O O O O
O B-이벤트 O
B-기간 O
#dialog 606
B-인원 O O O
B-비품 O
O O O
O
B-메뉴 O O O O O B-메뉴 O
B-메뉴 O O
O O O O
O O B-수량 O
O O O O B-행사 O O O O
O O O O O
O O O O
O B-날짜 O O O
B-위치 O O
#dialog 607
O O
O O
O O O O O O
O B-결제방식 O
B-반찬 O O O
#dialog 608
B-인원 O O
B-메뉴 B-메뉴 I-메뉴 O
B-메뉴 O O B-가짓수 I-가짓수 O
O B-인원 O O O O
B-메뉴 I-메뉴 O O
B-메뉴 I-메뉴 O B-수량 O
O B-수량 O O O
B-식기 O O O
O O
O O O
O O O O O O O
O O O O
B-장소 O O O
#dialog 609
O B-예약시간 O O O
B-나이 O O O O
O O O
O O O O
B-메뉴 B-수량 O
#dialog 610
O O O
O
O O O B-메뉴 O O O
O O
B-음료 O O
#dialog 611
O B-메뉴 I-메뉴 O O O
O B-메뉴 I-메뉴 B-수량 O O
B-메뉴 O B-음료 O O
O O
O B-비품 O O O
#dialog 612
O O O
O O O O
B-메뉴 O O O
B-메뉴 O B-수량 O
O O
O B-메뉴 O
B-반찬 O O
O O
O O
O B-현금영수증번호 I-현금영수증번호 I-현금영수증번호
O
O O O B-이물질 O O O O
#dialog 613
B-시간 O O
O B-메뉴 O
B-메뉴 I-메뉴 O O
B-음료 B-사이즈 I-사이즈 O O
O B-음료 B-사이즈 I-사이즈 O O
#dialog 614
O
B-메뉴 O B-메뉴 O
O
O O O O
B-식기 O O
#dialog 615
O
O O
B-인원 O O O O O
B-메뉴 O O O
O
O O O
B-메뉴 O B-메뉴 O
B-재료 O O O
B-메뉴 O O O O
O O O B-용량 O O O O
O
B-장소 O B-위치 O
#dialog 616
O O O O
O
O O O O
O B-메뉴 I-메뉴 I-메뉴 O O
B-음료 B-수량 O
#dialog 617
B-메뉴 I-메뉴 O
O O O
B-음료 O O O O
O O O
O B-결제방식 O O
#dialog 618
B-메뉴 O O O O
O
B-메뉴 O O
B-나이 O O O O
O O O B-재료 O B-재료 O
B-재료 O O O O
O O O O O O O O O
O B-메뉴 B-수량 I-수량 O
B-메뉴 O O
O B-메뉴 O B-수량 O
O B-재료 O O O
B-메뉴 O O
B-메뉴 O O O O
O B-시간 O O O
O O
O O B-시간 O B-시간 I-시간 O O O O O O
O O O O O
B-인원 I-인원 O B-인원 I-인원 O O B-용기 O O O
B-수량 I-수량 O B-인원 I-인원 O
O B-수량 I-수량 O O B-인원 I-인원 O B-수량 I-수량 O O O
B-메뉴 B-수량 I-수량 O O
O O O O O O
O O O
O O O
#dialog 619
B-메뉴 O
B-비품 O O
B-메뉴 O B-재료 O B-재료 O O
O B-메뉴 I-메뉴 O O B-맛 O O
O O O
O
B-사이드 O O
O O O O O O O O O O O O
O O O O O B-메뉴 O O O
#dialog 620
O O
B-메뉴 O B-메뉴 O O O
B-메뉴 O O B-재료 O O B-재료 O O O
B-메뉴밥 O B-수량 O
B-소스 O O
O B-반찬 O
O O O
O
#dialog 621
B-비품 O O
O B-메뉴 B-수량 O B-메뉴 O
O O B-메뉴 O O
O B-메뉴 O B-메뉴 O O
B-반찬 O O
#dialog 622
B-메뉴 B-수량 O
B-메뉴 O B-수량 O B-금액 O
B-메뉴 O O O
B-메뉴 B-수량 B-메뉴 O B-메뉴 O O
B-재료 O O
#dialog 623
B-메뉴 O O O O O
O O O O O O O
O B-메뉴 I-메뉴 B-수량 O B-메뉴 I-메뉴 O O O B-메뉴 I-메뉴 B-수량 I-수량 O B-수량 I-수량 O
O B-메뉴 I-메뉴 O B-수량 I-수량 O O O B-수량 I-수량
O O B-시간 O O O
B-메뉴 O B-재료 O B-재료 O O O
O B-메뉴 I-메뉴 O O O O O O O
B-위치 O B-재료 O O O O
O B-메뉴 I-메뉴 B-수량 I-수량 O O O O B-수량 I-수량
O O O O
O
O O O O O
#dialog 624
B-인원 O O O O
B-메뉴 B-수량 O
O O O O O
B-메뉴 O
B-메뉴 O O
O O O
O
B-현금영수증번호
B-메뉴 O O O O
O B-행사 O O O O O
O B-예약인원 I-예약인원 O
B-예약시간
#dialog 625
B-메뉴 B-수량 O
O O O O O
O O O
B-메뉴 O O
B-장소 O O
B-메뉴 O O O O
O B-결제종류 O O O B-결제종류 O
O B-비품 B-수량 I-수량 O O
O B-메뉴 O O
B-반찬 O O O
O O
O O
O O O
O O O O
O O O O O
B-상품권 O O
#dialog 626
O O O O
O O O
O O O O
O O O O O O
B-결제방식 O O O
#dialog 627
O O B-쿠폰 O O O O
O O B-메뉴 I-메뉴 O O
B-음료 O O
O O O O O
O B-메뉴 I-메뉴 O O B-시간 O O O O
#dialog 628
O O
O B-사이즈 B-수량 O
B-음료 O O B-반찬 O
B-배달지 I-배달지 O
B-결제방식 O O
#dialog 629
O O O O O
O B-메뉴 I-메뉴 O O
O B-메뉴 B-수량 O
O O O
O O O O O
O O O O
O O O
O O O O O
O O O O O O O O O
#dialog 630
O B-메뉴 O O O
B-사이즈 O O O O
O B-시간 B-메뉴 B-메뉴 O O
O B-메뉴 O B-음료 O B-사이드 O O
O B-세트메뉴 B-수량 I-수량 O B-메뉴 B-메뉴 O O O
O O O
O O O O
#dialog 631
O O O O O
B-메뉴 I-메뉴 O O O
B-메뉴 I-메뉴 O O O
B-메뉴 O O
B-메뉴 I-메뉴 B-수량 I-수량 O
O O
O O O O O O
O O O O
O B-장소 O O O
O O O O O O O
B-결제종류 O O
O O O O
B-반찬 B-수량 O O B-비품 O
#dialog 632
O O O
B-메뉴 O O O
B-메뉴 O
O B-메뉴 B-수량 O O
O O O
O O O
O B-소스 I-소스 O O
O
B-장소 O O
#dialog 633
B-인원 I-인원 O O O O
O O O
O O B-재료 O
B-비품 B-수량 O O
B-메뉴 O O
O O O O O O
B-수량 I-수량 O O
B-금액 O O O O O O O
B-재료 O O
O O O O O
O
O O
B-식기 B-수량 O
O O B-수량 O
B-결제방식 O O
O O
O O O
#dialog 634
O O O
O O
B-메뉴 O B-사이즈 O
O O O
B-재료 O O B-재료 O O
B-메뉴 O O O O
O O O O O
O O O O
O O B-맵기 I-맵기 O
B-반찬 I-반찬 O O O
B-재료 O O B-재료 O
B-반찬 O O O O
O O O O O
O O O O
O O O O O
O B-인원 O O
O B-날짜 O O O
O O O O B-금액 O
#dialog 635
B-메뉴 B-수량 O
B-재료 O O O O
O O O
O
O O O O
B-식기 B-수량 O O
B-반찬 I-반찬 I-반찬 O O O
O O
B-결제종류 O O O O
B-결제종류 O O
O O
#dialog 636
O O
B-예약자 O
O O
O O
B-음료 O O
#dialog 637
B-메뉴 O O O
O O O O
O O O O
B-재료 O B-원산지 O B-원산지 O
O O
B-메뉴 I-메뉴 B-수량 O
B-메뉴 I-메뉴 O O
O B-메뉴 I-메뉴 O
O
O B-재료 O
O O O O
O O O O O O
O O O
O O O
B-요일 O O
B-장소 O O
B-반찬 B-수량 O
O
O O
#dialog 638
O O
O O O
B-음료 O O B-수량 O
B-반찬 O O O
B-메뉴 O O O
#dialog 639
B-메뉴 B-수량 O O
O B-수량 O O O
O O
B-맵기 I-맵기 O O O
O O O
#dialog 640
B-상호 O
O O O
O O
O O O
O B-주소 I-주소 I-주소 I-주소 I-주소 O
#dialog 641
B-메뉴 O O O O
B-메뉴 I-메뉴 O O
B-메뉴 I-메뉴 B-수량 I-수량 O O O
O O O
O O O O
O O B-메뉴 O O O O O
O B-수량 I-수량 O B-수량 I-수량
O O O O
O O O
O O O O O O O O
B-식기 O B-수량 I-수량 O B-반찬 O O
#dialog 642
O B-상호 O
B-지역 O
O B-음료 B-수량 O
O O
O B-결제방식 O O
#dialog 643
O O O O O
B-메뉴 B-재료 O O
B-메뉴 O O O O
O O O B-메뉴 O O O O O
O O O O O O
O O O O O O
B-메뉴 O B-재료 B-원산지 O
O O O O O O
O O
O O O O
O O O O
B-반찬 O O O
#dialog 644
B-비품 O O
B-메뉴 O B-결제종류 O B-금액 O
O O
B-메뉴 B-맵기 I-맵기 I-맵기 O
B-메뉴 B-수량 O
O O O
B-결제종류 O O O
O B-수량 O
O O O
O O
#dialog 645
O O O
B-장소 O O O O
O O O O O
O O O O O
O O O B-시간 O O
#dialog 646
O O O O O O O O O
O O B-메뉴 O O O O
O O O O O
O O
O O O O O O
O O
O O O O O
O O O O
O O B-인원 O B-인원 O
O O O O
O B-배달지 I-배달지 O
O O O B-메뉴 O O O
O O B-결제종류 O O O B-결제종류 O
#dialog 647
B-비품 O O
O O O O
O O B-메뉴 O O
O B-음료 B-수량 O O O
O O B-결제방식 O O
#dialog 648
B-메뉴 O O O
B-메뉴 I-메뉴 O B-재료 O
O O B-위치 O O O B-메뉴 I-메뉴
B-메뉴 I-메뉴 O O O
B-연령대 O O O O O O O
O O
O O
O O B-결제종류 O
O O
O O O O O O
B-메뉴 O O O
O
O O O O O O O O O
B-결제종류 O O O O
O O
O O O O O O
B-비품 B-수량 O
O O
O B-비품 B-수량 O O
B-메뉴 O O O O
O O O O
O B-메뉴 O O O B-식기 O O O O
#dialog 649
B-메뉴 B-수량 I-수량 O
O
O O O B-수량 I-수량 O O
B-수량 I-수량 O O O O O
B-반찬 O O
#dialog 650
B-메뉴 I-메뉴 O O
B-메뉴 I-메뉴 O B-메뉴 I-메뉴 O O O O
O O O O O O
B-반찬 O O O
O O O O
#dialog 651
O O
B-메뉴 O
B-메뉴 O O O
B-메뉴 O O
O B-메뉴 B-수량 I-수량
O B-수량 O
O O
B-장어죽 O O
B-냄새 O O
#dialog 652
O O
B-메뉴 O O O O O
O O
B-인원 I-인원 O O B-사이즈 B-수량 I-수량 O O
O O O O B-음료 O O O
B-메뉴 O O O
B-메뉴 I-메뉴 O O O O O
B-배달지 O O O O O O
O O O O
#dialog 653
B-인원 O O O
B-인원 O
B-메뉴 O O O
O
O B-메뉴 O B-수량 O
O O O O
O O B-수량 O
O B-메뉴 O O
#dialog 654
O B-인원 O O
B-메뉴 O O O O O
B-메뉴 O O O
O O O O O O
B-메뉴 O O O O O
B-메뉴 O O
B-메뉴 I-메뉴 O B-수량 I-수량 O
O O O O
O O O
O O O O O
B-메뉴 O O O
O O O O
#dialog 655
B-재료 O O O
O O O O O
O O O
O O O
O B-메뉴 B-수량 I-수량 O O
B-재료 O O
B-메뉴 B-수량 I-수량 O B-메뉴 O O
O B-결제종류 O
#dialog 656
B-장소 B-배달지 O O O
O O B-메뉴 O
B-재료 O O O O O B-사이즈 O O
B-메뉴 O O O
B-배달지 I-배달지 I-배달지 O B-결제방식 O
#dialog 657
O B-인원 O O O O O
O O O
O O O
B-비품 O O O
O O O O O
O O B-메뉴 O O O
B-메뉴 I-메뉴 O O
B-메뉴 I-메뉴 O O O O
O B-메뉴 O O
O O O O
O O O
O O O
#dialog 658
O O B-수량 O
B-음료 O
O O
O
O O
#dialog 659
O O O O O
O
B-메뉴 I-메뉴 O O O
O O
B-메뉴 I-메뉴 O B-수량 I-수량 O
O B-결제종류 O O
O
O O O
O O O O O O O
O B-수량 I-수량 O O O O O O
O O O O O O
O O O O
#dialog 660
B-배달지 O
O O
B-메뉴 O O O O
B-사이즈 O O O O O O O
B-식기 O O
O O O
O O O O O
O O O O
O O O O O O
B-결제방식 O O
B-결제방식 O O O O O
#dialog 661
O O
O O
B-예약일 O O
O O O O
O O O
#dialog 662
B-예약일 B-예약시간 O B-인원 O O O
O O B-장소 O O O O
B-메뉴 O O O
B-메뉴 O O
O O B-쿠폰 O O O O
#dialog 663
O B-메뉴 O O
O B-메뉴 B-수량 I-수량 O O
B-메뉴 O O O O O
O O O O O B-시간 O O O
O O O
O O O O
O O O
O O O O O
B-메뉴 O O O O O
B-메뉴 O O O O
O O O O O O
#dialog 664
B-예약일 O O O O O
B-예약시간 I-예약시간 O B-인원 O
O O O
O O O O O
O B-메뉴 B-수량 O B-메뉴 B-사이즈 O B-수량 O
#dialog 665
O B-메뉴 O O O O O
B-재료 O O O O B-재료 O
B-세트메뉴 I-세트메뉴 O
O B-메뉴 I-메뉴 I-메뉴 I-메뉴 O
O B-메뉴 I-메뉴 O
B-메뉴 I-메뉴 O O B-사이드 O O O
B-사이드 O O O B-세트메뉴 I-세트메뉴 I-세트메뉴 O O O O O O
O B-재료 O B-메뉴 I-메뉴 O O O
B-재료 O B-메뉴 O
O O O B-메뉴 I-메뉴 I-메뉴 O
O
O
O
O O O O O
O O O O O O
O B-요일 B-요일 O O
O B-장소 O O O
O O O
B-소스 O B-수량 O O O
O O O O O O O
#dialog 666
O O O O O O
O O O
O O O O O O
O O B-수량 O
O O
#dialog 667
O O O
O O O
O O O O
O O O
O O O
#dialog 668
O B-결제종류 O O
B-메뉴 O B-메뉴 I-메뉴 O B-메뉴 I-메뉴 O
B-메뉴 I-메뉴 O O
B-메뉴 I-메뉴 B-수량 I-수량 O
O
O O O O O
O O O O O
O O O O O
O O
O O O
O
#dialog 669
O O O O O O O O O O
O O O
O O O O
B-수량 I-수량 O B-금액 O O O O O O O O O O O O O
B-메뉴 O O
O O O O O O O O O O O
O O O O
O O O O O O
O O O
#dialog 670
O O O O B-메뉴 O O O O
O O O O O
B-메뉴 O O O
B-메뉴 O B-재료 O B-재료 O
O O B-재료 I-재료 O O B-재료 O
B-메뉴 I-메뉴 I-메뉴 O B-메뉴 I-메뉴 O O O O
O B-재료 O B-재료 O O B-세트메뉴 I-세트메뉴 O O O O
O B-세트메뉴 I-세트메뉴 O B-수량 O
O O
O O
O B-비품 O O O B-메뉴 I-메뉴 O O O O B-사이드 O O
O O O O O O O O O O
O O O O O O O O
O B-음료 O O O O O O
O O B-장소 O O O
O O O O O
O O O O O O O O O
B-소스 B-수량 O O O O O O O O O O O
#dialog 671
B-시설 O B-결제방식 O O
B-날짜 O O O O
O O O O
B-세트메뉴 I-세트메뉴 I-세트메뉴 O O
O O O
#dialog 672
O O B-메뉴 B-사이즈 O O
O O
O O O O
B-재료 I-재료 O O O O O
O O
#dialog 673
B-메뉴 O O O B-재료 O O
B-재료 B-가짓수 I-가짓수 O O
O B-금액 I-금액 O
O O
O B-재료 O O B-재료 O O O O B-금액 I-금액 O O O
O O O B-금액 I-금액 O
O O
O O O
#dialog 674
B-메뉴 O O O
B-메뉴 O O O
B-메뉴 B-수량 O
O O O
O O O O O O
O O O O O O O O
O O B-식기 B-수량 O O
B-반찬 O O O O O O
B-장소 O B-위치 O O O
B-비품 B-수량 O O O
O O
O O O O O
O O O O
O B-상품권 O O O
#dialog 675
B-배달지 O O
O O O O
B-메뉴 I-메뉴 O O O O
O B-반찬 O O O O
O O O O O O O
O O O O O
O O O O O
O O O
#dialog 676
O O
B-메뉴 B-수량 B-메뉴 B-사이즈 O B-메뉴 B-사이즈 O O O
B-주소 I-주소 I-주소 O
O O
O
#dialog 677
B-소스 O O O
B-수량 O
O O O O
B-음료 O O
B-음료 O O
#dialog 678
O O O O
B-비품 O O
O B-메뉴 O B-수량 O O O
B-메뉴 O B-사이드 O O O
B-수량 O O O
O B-메뉴 B-수량 O O
B-사이드 O O O
B-재료 O
B-양념 O O
O B-반찬 B-수량 I-수량 O O O O O
O O
B-결제방식 O O O
O O O
#dialog 679
B-나이 B-연령대 O O
B-메뉴 I-메뉴 B-사이즈 O O O O O
O O O
O
O B-배달지 O
O O O O O O O
O O O O O
#dialog 680
O B-인원 O O
O O
B-메뉴 O O O O
B-메뉴 I-메뉴 O O O
B-메뉴 O O O
O O
O
O O O
O B-장소 O O O
O B-비품 O O B-위치 I-위치 O O
B-반찬 O O O
O O O
O
O O O
#dialog 681
O O O
O O O O
B-메뉴 I-메뉴 O O O
B-재료 O B-재료 O
B-메뉴 B-메뉴 I-메뉴 O O O B-메뉴 O O
O O O
B-메뉴 I-메뉴 I-메뉴 I-메뉴 O B-사이즈 O O
O O
B-메뉴 O O O B-재료 O O O
O O O
O B-위치 O O O O O
B-장소 O O
B-날짜 B-요일 O O
O O O O
B-식기 O O O O O O O O
O B-식기 O O O
O O
O B-비품 O
O O O B-위치 O O O
O
O O O
#dialog 682
O O O O
B-인원 O O
#dialog 683
B-세트메뉴 I-세트메뉴 B-수량 O
B-음료 O O
B-사이즈 O O
O O
O O O O
#dialog 684
O O O
B-메뉴 B-수량 O O O
O B-수량 B-장소 O O O O O
B-음료 O B-음료 B-메뉴 O O
O O O
#dialog 685
O O B-메뉴 O
O
B-메뉴 O O O
O B-메뉴 I-메뉴 B-수량 O O O
O O
O O O O O
B-메뉴 O O
O O O O
O O O
O B-금액 I-금액 I-금액 O O
#dialog 686
O B-수량 I-수량 O
O
B-음료 O O O O B-수량 O O O O
O O O B-결제방식 O O
O O
#dialog 687
O B-지점명 I-지점명 O
O B-배달지 I-배달지 O
O O O O O O
B-메뉴 O O B-재료 O
O B-질감 O O
B-메뉴 O O O O
B-메뉴 O B-부위 O B-부위 O B-부위 O O
O O O
B-비스 I-비스 O O
O O O
O B-결제방식 O O
O O
#dialog 688
O O O
O O O O O
O O O
O B-수량 O
B-메뉴 O
B-카드종류 O O O O
O O
O O O
O B-장소 O O
O O B-비품 O O
B-식기 O O O
O O
O O
#dialog 689
O O O O
O B-메뉴 O O O
O O O O
O O O
B-메뉴 I-메뉴 O O O
#dialog 690
B-인원 O O O O
O O O O
O O O O
B-메뉴 I-메뉴 B-수량 O
O O B-수량 O
O O O O O O
O O
O O O
O O O O
O O O O O O
B-비품 O O O O
#dialog 691
O B-시간 O O O O O B-메뉴 O O O O O O B-재료 B-수량 I-수량 O O
O O O O
O O O O O O
O O B-재료 O O O B-재료 O
B-재료 O B-재료 O O
O B-재료 O B-재료 O O O O
B-재료 O B-재료 O O
B-맛 I-맛 O B-양념 B-색상 O O O O O
O O O O O
O O B-소스 O O O O O B-소스 I-소스 O B-소스 I-소스 O O O
O B-음료 O O
B-음료 I-음료 O B-음료 O
O B-반찬 O O O O
O B-반찬 O O O O O O
O O O O O O
O O O O O O
O O B-시간 O O O O B-시간 I-시간 O O O
O O B-상품권 I-상품권 O O
#dialog 692
O O B-메뉴 O O B-메뉴 O
O O O
#dialog 693
O O O O O
O O O B-메뉴 O O O
O O O O O
B-결제방식 O O
O O O O B-메뉴 O O
#dialog 694
B-메뉴 I-메뉴 B-수량 O
O O O O O O O
O B-메뉴 I-메뉴 I-메뉴 O O
O O O O
O O O
#dialog 695
O O O
O B-메뉴 B-수량 O
B-재료 O
B-반찬 O O O
B-반찬 O O O
O B-메뉴 O
B-메뉴 O O O
O O O O O O O O
O O O
O O O
#dialog 696
B-인원 O
B-메뉴 O
O O
B-메뉴 B-수량 O
O
#dialog 697
O O O
B-배달지 I-배달지 I-배달지 I-배달지 I-배달지 O
O B-수량 I-수량 O O
O O O B-수량 O
O B-사이드 O O O O
#dialog 698
O O O
O O O O O O
B-사이즈 O O
O O O
O O O
#dialog 699
B-인원 O
O O
B-비품 O O O
B-메뉴 B-수량 O
O
O O O
O O O O
#dialog 700
B-인원 O
O O O O O O
O O O O B-재료 O B-재료 O
B-재료 O O O
B-메뉴 I-메뉴 O O
O O O O O
O B-메뉴 I-메뉴 B-수량 O
O O O O O O
B-메뉴 O O O O
O O O
O O O O
O O O O B-메뉴 I-메뉴 O
O O O O O
O O O O
B-반찬 O O O O O O O O
O
#dialog 701
O O O
B-메뉴 I-메뉴 O O O O O
#dialog 702
B-메뉴 B-수량 O O
O O
B-메뉴 O O O O
O O O O O
O O O
#dialog 703
O O O B-메뉴 O O O O O O O O
O O O O O O
B-소스 O O O O O O O
B-메뉴 O O O B-음료 O
B-반찬 O O O O O
B-수량 I-수량 O B-수량 I-수량 O O O B-반찬 O O O O O O O O O B-음료 O O O O O
O O O O B-상품권 I-상품권 O O O O
O O O
O B-식기 O B-식기 I-식기 O
O O O O
#dialog 704
B-비품 O O
O O O
B-메뉴 O O
O O
O O O O
O O O
O O O O O
O
O
O B-재료 O
B-메뉴 B-메뉴 O O O O O O
O O O B-화력 O O
O O O
B-메뉴 O O O
#dialog 705
B-메뉴 O B-메뉴 B-메뉴 B-수량 O O
O O O O O
B-메뉴 O B-재료 O O O B-재료 O O O O O O
O O
O O
#dialog 706
O B-메뉴 I-메뉴 B-메뉴 O B-금액 I-금액 I-금액 O
B-메뉴 O O O
B-음료 O O
B-메뉴 O O B-재료 O O O O
O O B-메뉴 B-수량 O
O O O O O
B-빵종류
O
O O B-메뉴 O O
B-메뉴 B-사이즈 I-사이즈 O
O O
B-재료 O O O
O O
O B-소스 I-소스 I-소스 O O
O B-소스 I-소스 O O
O O O
O
O O O
O B-메뉴 O O
#dialog 707
O O B-예약시간 B-인원 O O
O O O O O O
O O O O O
O O
O O O O O O
#dialog 708
B-시간 B-시설 I-시설 O O O O
B-메뉴 O O O
O B-세트메뉴 O B-메뉴 O O
O O
B-결제방식 I-결제방식 O O
#dialog 709
O O O
B-예약자 O
O O O
O B-메뉴 O B-메뉴 O O
O O O
#dialog 710
O O O O
B-메뉴 I-메뉴 O O O
O O B-번호
O O
O
O O O O O
O O O O
O O O O
O O O
O
B-수량 I-수량 O
#dialog 711
O
O B-메뉴 O O
B-메뉴 B-메뉴 O O
B-메뉴 I-메뉴 I-메뉴 O O
O
B-음료 O B-음료 O O O O
O B-세트메뉴 I-세트메뉴 B-수량 O B-메뉴 B-메뉴 B-수량 I-수량 O
O
B-메뉴 O O
B-메뉴 O B-재료 I-재료 O O O
B-메뉴 O O O O
B-재료 O B-수량 O O
O
O O O
O O O B-음료 O O O
O O O
O O O
O O O O
O O O O
O O O O
#dialog 712
B-시간 O O
O B-메뉴 B-수량 O B-메뉴 O B-메뉴 B-사이즈 O O O
B-날짜 O B-배달지 I-배달지 I-배달지 O O
B-메뉴 O O O
B-결제방식 O O
#dialog 713
O B-메뉴 I-메뉴 I-메뉴 O B-메뉴 O O
O O O O O O B-날짜 O
O O O O O O O
O O O O
#dialog 714
O B-메뉴 I-메뉴 O O O O
O O O O
O O O
O B-배달지 I-배달지 I-배달지 O
O O O O
O O
#dialog 715
B-메뉴 O O
B-재료 O O O O
B-재료 O
B-메뉴 O O B-재료 O
B-메뉴 O B-재료 O
B-메뉴 O O
B-메뉴 O O
O O O
#dialog 716
O B-지점명 I-지점명 I-지점명 O
O O O O B-메뉴 O O
O O O O O O
O O O O O O O
O O O O
#dialog 717
O B-상호 O
O O O O
O O O O O O O
O O B-결제방식 O O O O O
O B-시간 O B-메뉴 O O O
#dialog 718
O O O B-세트메뉴 I-세트메뉴 O O
O O
O B-결제방식 O O O
O O
O O O O
#dialog 719
B-메뉴 I-메뉴 I-메뉴 O
O O O
B-메뉴 O B-메뉴 O O O O
O B-메뉴 O O
O B-메뉴 O O
#dialog 720
B-인원 O
O O O O O
B-날짜 I-날짜 O O O O O O
O B-술 O O O O O O
O B-메뉴 O
#dialog 721
O B-수량 O B-메뉴 B-수량 O O
O O O O O
B-메뉴 O O O O
O O
O O O
#dialog 722
B-메뉴 O O
B-메뉴 O
B-메뉴 O O
B-메뉴 B-수량 O O O O
B-음료 O O O
#dialog 723
B-상호 O
O O O O B-장소 O O
O O O O O O
O O O O O
B-장소 O B-위치 O O
O O O O O O O
O O O O
O O O O
O O O O O
#dialog 724
O O O O
O O O O
O O O O O O
B-메뉴 O O
O O O O O O
#dialog 725
O B-날짜 I-날짜 O B-배달지 O O O B-연령대 I-연령대 O O B-메뉴 O O
B-인원 O O O O O
B-조각수 I-조각수 O O O O O B-연령대 I-연령대 O
B-대상 O O O
O B-부분 O B-재료 O
B-대상 O O O O O B-나이 O O
O O O O O
B-메뉴 O O O O
B-결제방식 O O O B-결제방식 O O O O O
O O O O O O O
O O B-쿠폰수량 O O
O O O
B-배달지 I-배달지 O
O O O
O O O O O
O B-음료 O O
O O O
B-결제방식 O O O O O O O
#dialog 726
B-시설 O O
B-메뉴 O O
B-메뉴 O O
B-메뉴 O B-면재료 O O O
B-메뉴 B-재료 O O O O
B-면재료 O O B-재료 O O O
B-메뉴 O O O O
B-메뉴 O O O
B-메뉴 O O O O
B-메뉴 O O O O B-메뉴 O O
O B-위치 I-위치 I-위치 O
B-메뉴 B-수량 O
B-결제종류 O O
O B-면종류 O O
B-앱 I-앱 O O O
O O
B-결제종류 O B-결제종류 O O O
O O O
#dialog 727
O O O O
B-메뉴 O O
O O O O O
O O O O O O
B-메뉴 O B-사이드 I-사이드 O
B-메뉴 O B-수량 I-수량 O O
O O
O B-장소 O O O
O B-사이드 O O
O O O O O
B-결제종류 O
O O O O
O
B-금액 I-금액 O O
#dialog 728
O O
B-예약일 B-예약시간 I-예약시간 O O
B-예약자 O
B-인원 O O O O
O O O
#dialog 729
O O O O
O O O
O O O O O
B-메뉴 O O
B-음료 B-수량 O O
#dialog 730
B-메뉴 B-재료 O B-재료 O
B-메뉴 B-수량 B-메뉴 O O
B-재료 O O
B-메뉴 B-수량 O
B-튀김종류 B-튀김종류 B-튀김종류 O O
#dialog 731
O O O O O
O O O O
B-맵기 I-맵기 O O B-사이드 O O
O B-사이드 B-수량 O
B-음료 B-수량 O
#dialog 732
B-예약일 B-예약시간 O O O
B-나이 B-인원 O
O O O
B-메뉴 O O O O O O
B-메뉴 O O O
#dialog 733
B-연령대 I-연령대 O O O O O O
B-메뉴 O O O O O
B-인원 O O O O O O O
B-메뉴 O O O
B-대상 O O B-인원 O O O O
B-대상 O O O
O O O O
O O
O O O O
O O O
O O O O O O O
O O
O O O O O
#dialog 734
B-메뉴 O O O O
B-메뉴 O
#dialog 735
O B-상호 O
B-양념치킨 B-수량 O O O
B-결제방식 O O O O
O B-메뉴 O O B-수량 O O O
O O B-수량 O O B-양념치킨 B-수량 O O O
#dialog 736
B-메뉴 I-메뉴 O O O B-사이드메뉴 O O O O O O
B-음료 O B-음료 O O
O O
O O
O O
#dialog 737
O O
O B-메뉴 O B-메뉴 B-메뉴 O O O
O O O B-메뉴 O O O O
O O B-음료 O O O
O O
#dialog 738
O O O
O B-메뉴 O B-메뉴 O
O B-메뉴 O B-메뉴 O
O O
B-음료 O O
#dialog 739
O O O
O B-예약일 O O O
B-시간 I-시간 O O
O O O
O O
#dialog 740
O B-비품 O O
B-재료 O O O O O O O O O
B-메뉴 I-메뉴 B-수량 O
B-음료 O O O
O B-음료 O O O
#dialog 741
O O O O
B-메뉴 O B-재료 O O O
B-재료 O O O O
B-메뉴 O O O
B-메뉴 B-수량 I-수량 O O
O O O O
O
B-식기 O O O
O O
B-배달지 I-배달지 O O O
O O O
B-날짜 O O
O
B-결제종류 O
O O O O
#dialog 742
B-메뉴 I-메뉴 B-수량 O
B-메뉴 O B-메뉴 I-메뉴 O O O
B-메뉴 I-메뉴 O O O
O O B-결제방식 O O
O O O O
#dialog 743
O O O O
O B-메뉴 O B-메뉴 O O
O B-결제방식 O O
O O B-메뉴 O B-수량 O
O O O O O O
#dialog 744
B-메뉴 B-메뉴 B-메뉴 O B-수량 O B-메뉴 B-사이즈 O O
O B-반찬 O O O O
B-메뉴 B-사이즈 O B-수량 O
O O O
O O
#dialog 745
O O O
B-메뉴 O O
B-메뉴 O B-수량 I-수량 O O
O B-메뉴 B-수량 O
O O
#dialog 746
O O
O O O O
O O O O O B-메뉴 O O
O O O O O
O O O O O O O
#dialog 747
O B-상호 I-상호 O
O O B-수량 O
O B-메뉴 O O
B-배달지 I-배달지 I-배달지 I-배달지 I-배달지 O
O O
#dialog 748
B-인원 O
O O O O
O
B-수량 I-수량 O O
O B-메뉴 O O
B-수량 I-수량 O B-수량 I-수량 O O O O
O O O O
O B-메뉴 O
B-재료 I-메뉴 O O O O B-보관방법 O
O B-메뉴 I-메뉴 O B-수량 O
O O
O O
O O
O O O O
B-대상 I-대상 O O B-메뉴 O
B-인원 I-인원 O O O O
B-반찬 O O O
O O
#dialog 749
O O O
O O O O
B-인원 O
B-인원 O O O O
O O O
O O
O O O
O O O O O O O O
O O O O
B-행사 O O O O O
O B-날짜 O O O
O O O O
O O B-수량 I-수량 O B-예약인원 O O
#dialog 750
B-예약일 O B-인원 O O
B-인원 O
O B-예약일 B-시간 O O O
B-예약시간 I-예약시간 O O O
B-예약자 B-전화번호 O
#dialog 751
O B-메뉴 O
O B-메뉴 O O O
O O O B-메뉴 O O
O B-메뉴 B-수량 O B-메뉴 B-수량 O
B-반찬 O O O
#dialog 752
B-메뉴 I-메뉴 O O
O O O O
B-소스 O B-소스 O O O
O O O O O
O O O
#dialog 753
B-메뉴 B-메뉴 B-음료 O
O B-세트메뉴 I-세트메뉴 O O
O O O O
B-메뉴 O O O
O O O O
#dialog 754
O O O O
O O O O O O O
B-인원 O
O O O B-수량 O B-메뉴 B-수량 B-메뉴 B-수량 O
O O B-결제방식 O
#dialog 755
B-메뉴 O
O B-사이즈 O O
B-음료 O O
O O
O O
#dialog 756
O O O O O O
B-비품 O O
B-메뉴 B-사이즈 O O O O O
B-메뉴 I-메뉴 O O O
B-재료 O B-재료 O B-재료 O O O
B-메뉴 O B-재료 O O B-재료 O O
B-메뉴 B-수량 O
O O O
B-장소 O O O
B-비품 O
B-메뉴 B-수량 B-메뉴 O O O
B-배달지 B-위치 O O O O
O O O O
O O O O O O
B-메뉴 O O O O
#dialog 757
B-인원 O O
O O O
O O O O
O O O O O O
O
#dialog 758
B-시간 B-금액 O O
O O O
O O O O O O
B-세트메뉴 I-세트메뉴 O
O
O O O O O O O O O O O O O
O O O
B-메뉴 I-메뉴 O O
O O
O O O O O
O O O O O
#dialog 759
B-배달지 I-배달지 O O
O O O
B-메뉴 O
B-사이즈 O O
B-메뉴 O O O O
B-메뉴 I-메뉴 O
B-메뉴 I-메뉴 O O
B-메뉴 O B-재료 O O
O B-메뉴 O O
B-메뉴 O O O
O O O
B-마감시간 O O O
O O O O B-식기 O
B-메뉴 O B-메뉴 O B-메뉴 O
O B-앱 I-앱 O O O
B-메뉴 O O O O O
O O O
B-메뉴 B-사이즈 O O O O
#dialog 760
O O O O O
B-사이즈 B-메뉴 O O O O
B-메뉴 I-메뉴 I-메뉴 B-수량 O
O O B-음료 O O
O
#dialog 761
B-양념 O O O O
B-메뉴 O O O O
#dialog 762
O O O O O B-수량 I-수량 O O O
O B-두께 I-두께 O O O
O O O O O O
O B-결제방식 O O
O B-사이즈 B-음료 B-수량 O O O O
#dialog 763
B-시설 O O O
O O O
B-메뉴 O O
O O O O O
B-메뉴 O O O
#dialog 764
O B-메뉴 B-수량 O B-메뉴 B-수량 I-수량 O O
O O
#dialog 765
O O O O
O O B-수량 O O O
O O
O B-음료 O O O O
O B-배달지 I-배달지 O
#dialog 766
O O O O
O O O
O O O O
B-반찬 O O O O O O O O O
O B-수량 O
B-메뉴 B-금액
B-생선 O O
B-배달지 I-배달지 O O O
O B-재료 O O O
B-반찬 I-반찬 O O O O
O B-반찬 O O
O B-결제방식 O O
B-결제방식 O
O O O O
#dialog 767
O O O
B-세트메뉴 O O
B-음료 O O
O O O O O
O O O O O O
